{"C:\\Users\\Khalid Alam\\OneDrive\\Desktop\\MyProject\\fullstack-task-manager\\backend\\dist\\index.js": {"path":"C:\\Users\\Khalid Alam\\OneDrive\\Desktop\\MyProject\\fullstack-task-manager\\backend\\dist\\index.js","statementMap":{"0":{"start":{"line":2,"column":22},"end":{"line":4,"column":1}},"1":{"start":{"line":3,"column":4},"end":{"line":3,"column":62}},"2":{"start":{"line":5,"column":0},"end":{"line":5,"column":62}},"3":{"start":{"line":6,"column":0},"end":{"line":6,"column":21}},"4":{"start":{"line":7,"column":18},"end":{"line":7,"column":53}},"5":{"start":{"line":8,"column":15},"end":{"line":8,"column":47}},"6":{"start":{"line":9,"column":17},"end":{"line":9,"column":51}},"7":{"start":{"line":10,"column":15},"end":{"line":10,"column":39}},"8":{"start":{"line":11,"column":16},"end":{"line":11,"column":41}},"9":{"start":{"line":12,"column":15},"end":{"line":12,"column":39}},"10":{"start":{"line":13,"column":0},"end":{"line":13,"column":26}},"11":{"start":{"line":14,"column":0},"end":{"line":14,"column":39}},"12":{"start":{"line":15,"column":0},"end":{"line":15,"column":39}},"13":{"start":{"line":16,"column":0},"end":{"line":16,"column":42}},"14":{"start":{"line":17,"column":0},"end":{"line":17,"column":51}},"15":{"start":{"line":18,"column":0},"end":{"line":18,"column":54}},"16":{"start":{"line":19,"column":0},"end":{"line":19,"column":51}},"17":{"start":{"line":20,"column":0},"end":{"line":20,"column":71}},"18":{"start":{"line":20,"column":35},"end":{"line":20,"column":69}},"19":{"start":{"line":23,"column":0},"end":{"line":25,"column":1}},"20":{"start":{"line":24,"column":4},"end":{"line":24,"column":75}},"21":{"start":{"line":24,"column":35},"end":{"line":24,"column":73}}},"fnMap":{"0":{"name":"(anonymous_0)","decl":{"start":{"line":2,"column":56},"end":{"line":2,"column":57}},"loc":{"start":{"line":2,"column":71},"end":{"line":4,"column":1}},"line":2},"1":{"name":"(anonymous_1)","decl":{"start":{"line":20,"column":21},"end":{"line":20,"column":22}},"loc":{"start":{"line":20,"column":35},"end":{"line":20,"column":69}},"line":20},"2":{"name":"(anonymous_2)","decl":{"start":{"line":24,"column":29},"end":{"line":24,"column":30}},"loc":{"start":{"line":24,"column":35},"end":{"line":24,"column":73}},"line":24}},"branchMap":{"0":{"loc":{"start":{"line":2,"column":22},"end":{"line":4,"column":1}},"type":"binary-expr","locations":[{"start":{"line":2,"column":23},"end":{"line":2,"column":27}},{"start":{"line":2,"column":31},"end":{"line":2,"column":51}},{"start":{"line":2,"column":56},"end":{"line":4,"column":1}}],"line":2},"1":{"loc":{"start":{"line":3,"column":11},"end":{"line":3,"column":61}},"type":"cond-expr","locations":[{"start":{"line":3,"column":37},"end":{"line":3,"column":40}},{"start":{"line":3,"column":43},"end":{"line":3,"column":61}}],"line":3},"2":{"loc":{"start":{"line":3,"column":12},"end":{"line":3,"column":33}},"type":"binary-expr","locations":[{"start":{"line":3,"column":12},"end":{"line":3,"column":15}},{"start":{"line":3,"column":19},"end":{"line":3,"column":33}}],"line":3},"3":{"loc":{"start":{"line":23,"column":0},"end":{"line":25,"column":1}},"type":"if","locations":[{"start":{"line":23,"column":0},"end":{"line":25,"column":1}},{"start":{},"end":{}}],"line":23}},"s":{"0":2,"1":6,"2":2,"3":2,"4":2,"5":2,"6":2,"7":2,"8":2,"9":2,"10":2,"11":2,"12":2,"13":2,"14":2,"15":2,"16":2,"17":2,"18":0,"19":2,"20":0,"21":0},"f":{"0":6,"1":0,"2":0},"b":{"0":[2,2,2],"1":[0,6],"2":[6,6],"3":[0,2]},"inputSourceMap":null,"_coverageSchema":"1a1c01bbd47fc00a2c39e90264f33305004495a9","hash":"ff300bda41727b5de5a8cd0faef6cf55ed3b291d"}
,"C:\\Users\\Khalid Alam\\OneDrive\\Desktop\\MyProject\\fullstack-task-manager\\backend\\dist\\db\\index.js": {"path":"C:\\Users\\Khalid Alam\\OneDrive\\Desktop\\MyProject\\fullstack-task-manager\\backend\\dist\\db\\index.js","statementMap":{"0":{"start":{"line":2,"column":0},"end":{"line":2,"column":62}},"1":{"start":{"line":3,"column":17},"end":{"line":3,"column":42}},"2":{"start":{"line":4,"column":15},"end":{"line":4,"column":42}},"3":{"start":{"line":5,"column":0},"end":{"line":5,"column":25}}},"fnMap":{},"branchMap":{},"s":{"0":2,"1":2,"2":2,"3":2},"f":{},"b":{},"inputSourceMap":null,"_coverageSchema":"1a1c01bbd47fc00a2c39e90264f33305004495a9","hash":"33ade936669b59eab379470adffb6366a0e004e4"}
,"C:\\Users\\Khalid Alam\\OneDrive\\Desktop\\MyProject\\fullstack-task-manager\\backend\\dist\\middleware\\authenticate.js": {"path":"C:\\Users\\Khalid Alam\\OneDrive\\Desktop\\MyProject\\fullstack-task-manager\\backend\\dist\\middleware\\authenticate.js","statementMap":{"0":{"start":{"line":2,"column":22},"end":{"line":4,"column":1}},"1":{"start":{"line":3,"column":4},"end":{"line":3,"column":62}},"2":{"start":{"line":5,"column":0},"end":{"line":5,"column":62}},"3":{"start":{"line":6,"column":0},"end":{"line":6,"column":48}},"4":{"start":{"line":7,"column":23},"end":{"line":7,"column":63}},"5":{"start":{"line":8,"column":21},"end":{"line":33,"column":1}},"6":{"start":{"line":9,"column":18},"end":{"line":9,"column":43}},"7":{"start":{"line":10,"column":4},"end":{"line":15,"column":5}},"8":{"start":{"line":11,"column":8},"end":{"line":14,"column":11}},"9":{"start":{"line":16,"column":4},"end":{"line":32,"column":5}},"10":{"start":{"line":17,"column":24},"end":{"line":17,"column":84}},"11":{"start":{"line":18,"column":8},"end":{"line":23,"column":9}},"12":{"start":{"line":19,"column":12},"end":{"line":22,"column":15}},"13":{"start":{"line":24,"column":8},"end":{"line":24,"column":27}},"14":{"start":{"line":25,"column":8},"end":{"line":25,"column":15}},"15":{"start":{"line":28,"column":8},"end":{"line":31,"column":11}},"16":{"start":{"line":34,"column":0},"end":{"line":34,"column":36}},"17":{"start":{"line":35,"column":16},"end":{"line":48,"column":1}},"18":{"start":{"line":36,"column":4},"end":{"line":47,"column":5}},"19":{"start":{"line":37,"column":8},"end":{"line":41,"column":9}},"20":{"start":{"line":38,"column":12},"end":{"line":40,"column":15}},"21":{"start":{"line":44,"column":8},"end":{"line":46,"column":11}},"22":{"start":{"line":49,"column":0},"end":{"line":49,"column":26}}},"fnMap":{"0":{"name":"(anonymous_0)","decl":{"start":{"line":2,"column":56},"end":{"line":2,"column":57}},"loc":{"start":{"line":2,"column":71},"end":{"line":4,"column":1}},"line":2},"1":{"name":"(anonymous_1)","decl":{"start":{"line":8,"column":21},"end":{"line":8,"column":22}},"loc":{"start":{"line":8,"column":41},"end":{"line":33,"column":1}},"line":8},"2":{"name":"(anonymous_2)","decl":{"start":{"line":35,"column":16},"end":{"line":35,"column":17}},"loc":{"start":{"line":35,"column":36},"end":{"line":48,"column":1}},"line":35}},"branchMap":{"0":{"loc":{"start":{"line":2,"column":22},"end":{"line":4,"column":1}},"type":"binary-expr","locations":[{"start":{"line":2,"column":23},"end":{"line":2,"column":27}},{"start":{"line":2,"column":31},"end":{"line":2,"column":51}},{"start":{"line":2,"column":56},"end":{"line":4,"column":1}}],"line":2},"1":{"loc":{"start":{"line":3,"column":11},"end":{"line":3,"column":61}},"type":"cond-expr","locations":[{"start":{"line":3,"column":37},"end":{"line":3,"column":40}},{"start":{"line":3,"column":43},"end":{"line":3,"column":61}}],"line":3},"2":{"loc":{"start":{"line":3,"column":12},"end":{"line":3,"column":33}},"type":"binary-expr","locations":[{"start":{"line":3,"column":12},"end":{"line":3,"column":15}},{"start":{"line":3,"column":19},"end":{"line":3,"column":33}}],"line":3},"3":{"loc":{"start":{"line":10,"column":4},"end":{"line":15,"column":5}},"type":"if","locations":[{"start":{"line":10,"column":4},"end":{"line":15,"column":5}},{"start":{},"end":{}}],"line":10},"4":{"loc":{"start":{"line":18,"column":8},"end":{"line":23,"column":9}},"type":"if","locations":[{"start":{"line":18,"column":8},"end":{"line":23,"column":9}},{"start":{},"end":{}}],"line":18},"5":{"loc":{"start":{"line":37,"column":8},"end":{"line":41,"column":9}},"type":"if","locations":[{"start":{"line":37,"column":8},"end":{"line":41,"column":9}},{"start":{},"end":{}}],"line":37}},"s":{"0":2,"1":2,"2":2,"3":2,"4":2,"5":2,"6":0,"7":0,"8":0,"9":0,"10":0,"11":0,"12":0,"13":0,"14":0,"15":0,"16":2,"17":2,"18":0,"19":0,"20":0,"21":0,"22":2},"f":{"0":2,"1":0,"2":0},"b":{"0":[2,2,2],"1":[0,2],"2":[2,2],"3":[0,0],"4":[0,0],"5":[0,0]},"inputSourceMap":null,"_coverageSchema":"1a1c01bbd47fc00a2c39e90264f33305004495a9","hash":"e0c23a2629a94a0afa4a0feac200228ea1282c46"}
,"C:\\Users\\Khalid Alam\\OneDrive\\Desktop\\MyProject\\fullstack-task-manager\\backend\\dist\\router\\admin.js": {"path":"C:\\Users\\Khalid Alam\\OneDrive\\Desktop\\MyProject\\fullstack-task-manager\\backend\\dist\\router\\admin.js","statementMap":{"0":{"start":{"line":2,"column":22},"end":{"line":4,"column":1}},"1":{"start":{"line":3,"column":4},"end":{"line":3,"column":62}},"2":{"start":{"line":5,"column":0},"end":{"line":5,"column":62}},"3":{"start":{"line":6,"column":0},"end":{"line":6,"column":29}},"4":{"start":{"line":7,"column":18},"end":{"line":7,"column":36}},"5":{"start":{"line":8,"column":13},"end":{"line":8,"column":46}},"6":{"start":{"line":9,"column":23},"end":{"line":9,"column":60}},"7":{"start":{"line":10,"column":15},"end":{"line":10,"column":38}},"8":{"start":{"line":12,"column":0},"end":{"line":30,"column":3}},"9":{"start":{"line":13,"column":4},"end":{"line":29,"column":5}},"10":{"start":{"line":14,"column":22},"end":{"line":19,"column":10}},"11":{"start":{"line":20,"column":8},"end":{"line":23,"column":11}},"12":{"start":{"line":26,"column":8},"end":{"line":28,"column":11}},"13":{"start":{"line":55,"column":0},"end":{"line":55,"column":29}}},"fnMap":{"0":{"name":"(anonymous_0)","decl":{"start":{"line":2,"column":56},"end":{"line":2,"column":57}},"loc":{"start":{"line":2,"column":71},"end":{"line":4,"column":1}},"line":2},"1":{"name":"(anonymous_1)","decl":{"start":{"line":12,"column":74},"end":{"line":12,"column":75}},"loc":{"start":{"line":12,"column":94},"end":{"line":30,"column":1}},"line":12}},"branchMap":{"0":{"loc":{"start":{"line":2,"column":22},"end":{"line":4,"column":1}},"type":"binary-expr","locations":[{"start":{"line":2,"column":23},"end":{"line":2,"column":27}},{"start":{"line":2,"column":31},"end":{"line":2,"column":51}},{"start":{"line":2,"column":56},"end":{"line":4,"column":1}}],"line":2},"1":{"loc":{"start":{"line":3,"column":11},"end":{"line":3,"column":61}},"type":"cond-expr","locations":[{"start":{"line":3,"column":37},"end":{"line":3,"column":40}},{"start":{"line":3,"column":43},"end":{"line":3,"column":61}}],"line":3},"2":{"loc":{"start":{"line":3,"column":12},"end":{"line":3,"column":33}},"type":"binary-expr","locations":[{"start":{"line":3,"column":12},"end":{"line":3,"column":15}},{"start":{"line":3,"column":19},"end":{"line":3,"column":33}}],"line":3}},"s":{"0":2,"1":2,"2":2,"3":2,"4":2,"5":2,"6":2,"7":2,"8":2,"9":0,"10":0,"11":0,"12":0,"13":2},"f":{"0":2,"1":0},"b":{"0":[2,2,2],"1":[2,0],"2":[2,2]},"inputSourceMap":null,"_coverageSchema":"1a1c01bbd47fc00a2c39e90264f33305004495a9","hash":"10532de0f27bcf22e7d9f89144543ba3f7f82cfa"}
,"C:\\Users\\Khalid Alam\\OneDrive\\Desktop\\MyProject\\fullstack-task-manager\\backend\\dist\\router\\auth.js": {"path":"C:\\Users\\Khalid Alam\\OneDrive\\Desktop\\MyProject\\fullstack-task-manager\\backend\\dist\\router\\auth.js","statementMap":{"0":{"start":{"line":2,"column":22},"end":{"line":4,"column":1}},"1":{"start":{"line":3,"column":4},"end":{"line":3,"column":62}},"2":{"start":{"line":5,"column":0},"end":{"line":5,"column":62}},"3":{"start":{"line":6,"column":0},"end":{"line":6,"column":28}},"4":{"start":{"line":7,"column":18},"end":{"line":7,"column":36}},"5":{"start":{"line":8,"column":13},"end":{"line":8,"column":46}},"6":{"start":{"line":9,"column":19},"end":{"line":9,"column":55}},"7":{"start":{"line":10,"column":23},"end":{"line":10,"column":63}},"8":{"start":{"line":11,"column":15},"end":{"line":11,"column":38}},"9":{"start":{"line":12,"column":0},"end":{"line":57,"column":3}},"10":{"start":{"line":13,"column":4},"end":{"line":56,"column":5}},"11":{"start":{"line":14,"column":48},"end":{"line":14,"column":56}},"12":{"start":{"line":15,"column":8},"end":{"line":19,"column":9}},"13":{"start":{"line":16,"column":12},"end":{"line":18,"column":15}},"14":{"start":{"line":21,"column":29},"end":{"line":25,"column":10}},"15":{"start":{"line":26,"column":8},"end":{"line":30,"column":9}},"16":{"start":{"line":27,"column":12},"end":{"line":29,"column":15}},"17":{"start":{"line":33,"column":31},"end":{"line":33,"column":74}},"18":{"start":{"line":35,"column":24},"end":{"line":42,"column":10}},"19":{"start":{"line":43,"column":8},"end":{"line":50,"column":11}},"20":{"start":{"line":53,"column":8},"end":{"line":55,"column":11}},"21":{"start":{"line":58,"column":0},"end":{"line":113,"column":3}},"22":{"start":{"line":59,"column":4},"end":{"line":112,"column":5}},"23":{"start":{"line":60,"column":36},"end":{"line":60,"column":44}},"24":{"start":{"line":61,"column":8},"end":{"line":65,"column":9}},"25":{"start":{"line":62,"column":12},"end":{"line":64,"column":15}},"26":{"start":{"line":68,"column":25},"end":{"line":72,"column":10}},"27":{"start":{"line":73,"column":8},"end":{"line":77,"column":9}},"28":{"start":{"line":74,"column":12},"end":{"line":76,"column":15}},"29":{"start":{"line":80,"column":32},"end":{"line":80,"column":93}},"30":{"start":{"line":81,"column":8},"end":{"line":85,"column":9}},"31":{"start":{"line":82,"column":12},"end":{"line":84,"column":15}},"32":{"start":{"line":88,"column":24},"end":{"line":92,"column":9}},"33":{"start":{"line":93,"column":22},"end":{"line":95,"column":10}},"34":{"start":{"line":96,"column":8},"end":{"line":106,"column":11}},"35":{"start":{"line":109,"column":8},"end":{"line":111,"column":11}},"36":{"start":{"line":114,"column":0},"end":{"line":114,"column":28}}},"fnMap":{"0":{"name":"(anonymous_0)","decl":{"start":{"line":2,"column":56},"end":{"line":2,"column":57}},"loc":{"start":{"line":2,"column":71},"end":{"line":4,"column":1}},"line":2},"1":{"name":"(anonymous_1)","decl":{"start":{"line":12,"column":25},"end":{"line":12,"column":26}},"loc":{"start":{"line":12,"column":45},"end":{"line":57,"column":1}},"line":12},"2":{"name":"(anonymous_2)","decl":{"start":{"line":58,"column":22},"end":{"line":58,"column":23}},"loc":{"start":{"line":58,"column":42},"end":{"line":113,"column":1}},"line":58}},"branchMap":{"0":{"loc":{"start":{"line":2,"column":22},"end":{"line":4,"column":1}},"type":"binary-expr","locations":[{"start":{"line":2,"column":23},"end":{"line":2,"column":27}},{"start":{"line":2,"column":31},"end":{"line":2,"column":51}},{"start":{"line":2,"column":56},"end":{"line":4,"column":1}}],"line":2},"1":{"loc":{"start":{"line":3,"column":11},"end":{"line":3,"column":61}},"type":"cond-expr","locations":[{"start":{"line":3,"column":37},"end":{"line":3,"column":40}},{"start":{"line":3,"column":43},"end":{"line":3,"column":61}}],"line":3},"2":{"loc":{"start":{"line":3,"column":12},"end":{"line":3,"column":33}},"type":"binary-expr","locations":[{"start":{"line":3,"column":12},"end":{"line":3,"column":15}},{"start":{"line":3,"column":19},"end":{"line":3,"column":33}}],"line":3},"3":{"loc":{"start":{"line":15,"column":8},"end":{"line":19,"column":9}},"type":"if","locations":[{"start":{"line":15,"column":8},"end":{"line":19,"column":9}},{"start":{},"end":{}}],"line":15},"4":{"loc":{"start":{"line":15,"column":12},"end":{"line":15,"column":40}},"type":"binary-expr","locations":[{"start":{"line":15,"column":12},"end":{"line":15,"column":17}},{"start":{"line":15,"column":21},"end":{"line":15,"column":27}},{"start":{"line":15,"column":31},"end":{"line":15,"column":40}}],"line":15},"5":{"loc":{"start":{"line":26,"column":8},"end":{"line":30,"column":9}},"type":"if","locations":[{"start":{"line":26,"column":8},"end":{"line":30,"column":9}},{"start":{},"end":{}}],"line":26},"6":{"loc":{"start":{"line":61,"column":8},"end":{"line":65,"column":9}},"type":"if","locations":[{"start":{"line":61,"column":8},"end":{"line":65,"column":9}},{"start":{},"end":{}}],"line":61},"7":{"loc":{"start":{"line":61,"column":12},"end":{"line":61,"column":31}},"type":"binary-expr","locations":[{"start":{"line":61,"column":12},"end":{"line":61,"column":18}},{"start":{"line":61,"column":22},"end":{"line":61,"column":31}}],"line":61},"8":{"loc":{"start":{"line":73,"column":8},"end":{"line":77,"column":9}},"type":"if","locations":[{"start":{"line":73,"column":8},"end":{"line":77,"column":9}},{"start":{},"end":{}}],"line":73},"9":{"loc":{"start":{"line":81,"column":8},"end":{"line":85,"column":9}},"type":"if","locations":[{"start":{"line":81,"column":8},"end":{"line":85,"column":9}},{"start":{},"end":{}}],"line":81}},"s":{"0":2,"1":6,"2":2,"3":2,"4":2,"5":2,"6":2,"7":2,"8":2,"9":2,"10":3,"11":3,"12":3,"13":0,"14":3,"15":3,"16":0,"17":3,"18":3,"19":3,"20":0,"21":2,"22":2,"23":2,"24":2,"25":0,"26":2,"27":2,"28":0,"29":2,"30":2,"31":0,"32":2,"33":2,"34":2,"35":0,"36":2},"f":{"0":6,"1":3,"2":2},"b":{"0":[2,2,2],"1":[2,4],"2":[6,6],"3":[0,3],"4":[3,3,3],"5":[0,3],"6":[0,2],"7":[2,2],"8":[0,2],"9":[0,2]},"inputSourceMap":null,"_coverageSchema":"1a1c01bbd47fc00a2c39e90264f33305004495a9","hash":"a51e012257e209807902eca30f57d2e0622e221e"}
,"C:\\Users\\Khalid Alam\\OneDrive\\Desktop\\MyProject\\fullstack-task-manager\\backend\\dist\\router\\task.js": {"path":"C:\\Users\\Khalid Alam\\OneDrive\\Desktop\\MyProject\\fullstack-task-manager\\backend\\dist\\router\\task.js","statementMap":{"0":{"start":{"line":2,"column":22},"end":{"line":4,"column":1}},"1":{"start":{"line":3,"column":4},"end":{"line":3,"column":62}},"2":{"start":{"line":5,"column":0},"end":{"line":5,"column":62}},"3":{"start":{"line":6,"column":0},"end":{"line":6,"column":28}},"4":{"start":{"line":7,"column":18},"end":{"line":7,"column":36}},"5":{"start":{"line":8,"column":17},"end":{"line":8,"column":51}},"6":{"start":{"line":9,"column":13},"end":{"line":9,"column":46}},"7":{"start":{"line":10,"column":23},"end":{"line":10,"column":60}},"8":{"start":{"line":11,"column":21},"end":{"line":11,"column":51}},"9":{"start":{"line":12,"column":15},"end":{"line":12,"column":38}},"10":{"start":{"line":14,"column":16},"end":{"line":17,"column":2}},"11":{"start":{"line":15,"column":36},"end":{"line":15,"column":56}},"12":{"start":{"line":16,"column":33},"end":{"line":16,"column":79}},"13":{"start":{"line":18,"column":19},"end":{"line":25,"column":1}},"14":{"start":{"line":19,"column":4},"end":{"line":24,"column":5}},"15":{"start":{"line":20,"column":8},"end":{"line":20,"column":23}},"16":{"start":{"line":23,"column":8},"end":{"line":23,"column":59}},"17":{"start":{"line":26,"column":15},"end":{"line":26,"column":104}},"18":{"start":{"line":28,"column":0},"end":{"line":108,"column":3}},"19":{"start":{"line":29,"column":4},"end":{"line":107,"column":5}},"20":{"start":{"line":30,"column":68},"end":{"line":30,"column":76}},"21":{"start":{"line":31,"column":8},"end":{"line":35,"column":9}},"22":{"start":{"line":32,"column":12},"end":{"line":34,"column":15}},"23":{"start":{"line":38,"column":23},"end":{"line":38,"column":31}},"24":{"start":{"line":39,"column":8},"end":{"line":43,"column":9}},"25":{"start":{"line":40,"column":12},"end":{"line":42,"column":15}},"26":{"start":{"line":45,"column":25},"end":{"line":52,"column":10}},"27":{"start":{"line":53,"column":8},"end":{"line":57,"column":9}},"28":{"start":{"line":54,"column":12},"end":{"line":56,"column":15}},"29":{"start":{"line":58,"column":20},"end":{"line":58,"column":22}},"30":{"start":{"line":59,"column":8},"end":{"line":61,"column":9}},"31":{"start":{"line":60,"column":12},"end":{"line":60,"column":30}},"32":{"start":{"line":62,"column":25},"end":{"line":62,"column":74}},"33":{"start":{"line":63,"column":21},"end":{"line":63,"column":27}},"34":{"start":{"line":64,"column":8},"end":{"line":65,"column":34}},"35":{"start":{"line":65,"column":12},"end":{"line":65,"column":34}},"36":{"start":{"line":67,"column":27},"end":{"line":67,"column":31}},"37":{"start":{"line":68,"column":8},"end":{"line":79,"column":9}},"38":{"start":{"line":69,"column":12},"end":{"line":73,"column":15}},"39":{"start":{"line":74,"column":12},"end":{"line":78,"column":13}},"40":{"start":{"line":75,"column":16},"end":{"line":77,"column":19}},"41":{"start":{"line":81,"column":24},"end":{"line":92,"column":10}},"42":{"start":{"line":93,"column":8},"end":{"line":97,"column":9}},"43":{"start":{"line":94,"column":12},"end":{"line":96,"column":15}},"44":{"start":{"line":98,"column":8},"end":{"line":101,"column":11}},"45":{"start":{"line":104,"column":8},"end":{"line":106,"column":11}},"46":{"start":{"line":110,"column":0},"end":{"line":159,"column":3}},"47":{"start":{"line":111,"column":4},"end":{"line":158,"column":5}},"48":{"start":{"line":112,"column":23},"end":{"line":112,"column":33}},"49":{"start":{"line":113,"column":23},"end":{"line":113,"column":34}},"50":{"start":{"line":114,"column":8},"end":{"line":116,"column":9}},"51":{"start":{"line":115,"column":12},"end":{"line":115,"column":79}},"52":{"start":{"line":118,"column":21},"end":{"line":120,"column":10}},"53":{"start":{"line":121,"column":8},"end":{"line":123,"column":9}},"54":{"start":{"line":122,"column":12},"end":{"line":122,"column":71}},"55":{"start":{"line":124,"column":8},"end":{"line":126,"column":9}},"56":{"start":{"line":125,"column":12},"end":{"line":125,"column":80}},"57":{"start":{"line":127,"column":8},"end":{"line":129,"column":9}},"58":{"start":{"line":128,"column":12},"end":{"line":128,"column":89}},"59":{"start":{"line":130,"column":26},"end":{"line":130,"column":47}},"60":{"start":{"line":132,"column":26},"end":{"line":134,"column":10}},"61":{"start":{"line":136,"column":31},"end":{"line":136,"column":60}},"62":{"start":{"line":137,"column":8},"end":{"line":141,"column":9}},"63":{"start":{"line":138,"column":12},"end":{"line":140,"column":15}},"64":{"start":{"line":143,"column":8},"end":{"line":145,"column":9}},"65":{"start":{"line":144,"column":12},"end":{"line":144,"column":82}},"66":{"start":{"line":147,"column":8},"end":{"line":150,"column":11}},"67":{"start":{"line":151,"column":8},"end":{"line":153,"column":11}},"68":{"start":{"line":156,"column":8},"end":{"line":156,"column":29}},"69":{"start":{"line":157,"column":8},"end":{"line":157,"column":74}},"70":{"start":{"line":161,"column":0},"end":{"line":211,"column":3}},"71":{"start":{"line":162,"column":4},"end":{"line":210,"column":5}},"72":{"start":{"line":163,"column":23},"end":{"line":163,"column":33}},"73":{"start":{"line":164,"column":78},"end":{"line":164,"column":86}},"74":{"start":{"line":165,"column":8},"end":{"line":169,"column":9}},"75":{"start":{"line":166,"column":12},"end":{"line":168,"column":15}},"76":{"start":{"line":170,"column":20},"end":{"line":170,"column":22}},"77":{"start":{"line":171,"column":8},"end":{"line":173,"column":9}},"78":{"start":{"line":172,"column":12},"end":{"line":172,"column":30}},"79":{"start":{"line":174,"column":25},"end":{"line":174,"column":74}},"80":{"start":{"line":175,"column":21},"end":{"line":179,"column":10}},"81":{"start":{"line":180,"column":8},"end":{"line":184,"column":9}},"82":{"start":{"line":181,"column":12},"end":{"line":183,"column":15}},"83":{"start":{"line":185,"column":28},"end":{"line":193,"column":9}},"84":{"start":{"line":195,"column":8},"end":{"line":200,"column":11}},"85":{"start":{"line":201,"column":8},"end":{"line":204,"column":11}},"86":{"start":{"line":207,"column":8},"end":{"line":209,"column":11}},"87":{"start":{"line":213,"column":0},"end":{"line":232,"column":3}},"88":{"start":{"line":214,"column":4},"end":{"line":231,"column":5}},"89":{"start":{"line":215,"column":22},"end":{"line":215,"column":56}},"90":{"start":{"line":216,"column":8},"end":{"line":220,"column":9}},"91":{"start":{"line":217,"column":12},"end":{"line":219,"column":15}},"92":{"start":{"line":222,"column":8},"end":{"line":225,"column":11}},"93":{"start":{"line":228,"column":8},"end":{"line":230,"column":11}},"94":{"start":{"line":234,"column":0},"end":{"line":266,"column":3}},"95":{"start":{"line":235,"column":4},"end":{"line":265,"column":5}},"96":{"start":{"line":236,"column":46},"end":{"line":236,"column":55}},"97":{"start":{"line":237,"column":26},"end":{"line":237,"column":28}},"98":{"start":{"line":238,"column":8},"end":{"line":240,"column":9}},"99":{"start":{"line":239,"column":12},"end":{"line":239,"column":48}},"100":{"start":{"line":241,"column":8},"end":{"line":243,"column":9}},"101":{"start":{"line":242,"column":12},"end":{"line":242,"column":52}},"102":{"start":{"line":244,"column":8},"end":{"line":246,"column":9}},"103":{"start":{"line":245,"column":12},"end":{"line":245,"column":52}},"104":{"start":{"line":247,"column":22},"end":{"line":249,"column":10}},"105":{"start":{"line":250,"column":8},"end":{"line":254,"column":9}},"106":{"start":{"line":251,"column":12},"end":{"line":253,"column":15}},"107":{"start":{"line":256,"column":8},"end":{"line":259,"column":11}},"108":{"start":{"line":262,"column":8},"end":{"line":264,"column":11}},"109":{"start":{"line":268,"column":0},"end":{"line":297,"column":3}},"110":{"start":{"line":269,"column":4},"end":{"line":296,"column":5}},"111":{"start":{"line":270,"column":23},"end":{"line":270,"column":33}},"112":{"start":{"line":271,"column":8},"end":{"line":275,"column":9}},"113":{"start":{"line":272,"column":12},"end":{"line":274,"column":15}},"114":{"start":{"line":276,"column":21},"end":{"line":280,"column":10}},"115":{"start":{"line":281,"column":8},"end":{"line":285,"column":9}},"116":{"start":{"line":282,"column":12},"end":{"line":284,"column":15}},"117":{"start":{"line":287,"column":8},"end":{"line":290,"column":11}},"118":{"start":{"line":293,"column":8},"end":{"line":295,"column":11}},"119":{"start":{"line":299,"column":0},"end":{"line":321,"column":3}},"120":{"start":{"line":300,"column":4},"end":{"line":320,"column":5}},"121":{"start":{"line":301,"column":23},"end":{"line":301,"column":33}},"122":{"start":{"line":302,"column":8},"end":{"line":306,"column":9}},"123":{"start":{"line":303,"column":12},"end":{"line":305,"column":15}},"124":{"start":{"line":307,"column":8},"end":{"line":311,"column":11}},"125":{"start":{"line":312,"column":8},"end":{"line":314,"column":11}},"126":{"start":{"line":317,"column":8},"end":{"line":319,"column":11}},"127":{"start":{"line":322,"column":0},"end":{"line":322,"column":28}}},"fnMap":{"0":{"name":"(anonymous_0)","decl":{"start":{"line":2,"column":56},"end":{"line":2,"column":57}},"loc":{"start":{"line":2,"column":71},"end":{"line":4,"column":1}},"line":2},"1":{"name":"(anonymous_1)","decl":{"start":{"line":15,"column":17},"end":{"line":15,"column":18}},"loc":{"start":{"line":15,"column":36},"end":{"line":15,"column":56}},"line":15},"2":{"name":"(anonymous_2)","decl":{"start":{"line":16,"column":14},"end":{"line":16,"column":15}},"loc":{"start":{"line":16,"column":33},"end":{"line":16,"column":79}},"line":16},"3":{"name":"(anonymous_3)","decl":{"start":{"line":18,"column":19},"end":{"line":18,"column":20}},"loc":{"start":{"line":18,"column":38},"end":{"line":25,"column":1}},"line":18},"4":{"name":"(anonymous_4)","decl":{"start":{"line":28,"column":87},"end":{"line":28,"column":88}},"loc":{"start":{"line":28,"column":107},"end":{"line":108,"column":1}},"line":28},"5":{"name":"(anonymous_5)","decl":{"start":{"line":110,"column":64},"end":{"line":110,"column":65}},"loc":{"start":{"line":110,"column":84},"end":{"line":159,"column":1}},"line":110},"6":{"name":"(anonymous_6)","decl":{"start":{"line":161,"column":84},"end":{"line":161,"column":85}},"loc":{"start":{"line":161,"column":104},"end":{"line":211,"column":1}},"line":161},"7":{"name":"(anonymous_7)","decl":{"start":{"line":213,"column":50},"end":{"line":213,"column":51}},"loc":{"start":{"line":213,"column":70},"end":{"line":232,"column":1}},"line":213},"8":{"name":"(anonymous_8)","decl":{"start":{"line":234,"column":57},"end":{"line":234,"column":58}},"loc":{"start":{"line":234,"column":77},"end":{"line":266,"column":1}},"line":234},"9":{"name":"(anonymous_9)","decl":{"start":{"line":268,"column":54},"end":{"line":268,"column":55}},"loc":{"start":{"line":268,"column":74},"end":{"line":297,"column":1}},"line":268},"10":{"name":"(anonymous_10)","decl":{"start":{"line":299,"column":57},"end":{"line":299,"column":58}},"loc":{"start":{"line":299,"column":77},"end":{"line":321,"column":1}},"line":299}},"branchMap":{"0":{"loc":{"start":{"line":2,"column":22},"end":{"line":4,"column":1}},"type":"binary-expr","locations":[{"start":{"line":2,"column":23},"end":{"line":2,"column":27}},{"start":{"line":2,"column":31},"end":{"line":2,"column":51}},{"start":{"line":2,"column":56},"end":{"line":4,"column":1}}],"line":2},"1":{"loc":{"start":{"line":3,"column":11},"end":{"line":3,"column":61}},"type":"cond-expr","locations":[{"start":{"line":3,"column":37},"end":{"line":3,"column":40}},{"start":{"line":3,"column":43},"end":{"line":3,"column":61}}],"line":3},"2":{"loc":{"start":{"line":3,"column":12},"end":{"line":3,"column":33}},"type":"binary-expr","locations":[{"start":{"line":3,"column":12},"end":{"line":3,"column":15}},{"start":{"line":3,"column":19},"end":{"line":3,"column":33}}],"line":3},"3":{"loc":{"start":{"line":19,"column":4},"end":{"line":24,"column":5}},"type":"if","locations":[{"start":{"line":19,"column":4},"end":{"line":24,"column":5}},{"start":{"line":22,"column":9},"end":{"line":24,"column":5}}],"line":19},"4":{"loc":{"start":{"line":31,"column":8},"end":{"line":35,"column":9}},"type":"if","locations":[{"start":{"line":31,"column":8},"end":{"line":35,"column":9}},{"start":{},"end":{}}],"line":31},"5":{"loc":{"start":{"line":31,"column":12},"end":{"line":31,"column":59}},"type":"binary-expr","locations":[{"start":{"line":31,"column":12},"end":{"line":31,"column":18}},{"start":{"line":31,"column":22},"end":{"line":31,"column":34}},{"start":{"line":31,"column":38},"end":{"line":31,"column":47}},{"start":{"line":31,"column":51},"end":{"line":31,"column":59}}],"line":31},"6":{"loc":{"start":{"line":39,"column":8},"end":{"line":43,"column":9}},"type":"if","locations":[{"start":{"line":39,"column":8},"end":{"line":43,"column":9}},{"start":{},"end":{}}],"line":39},"7":{"loc":{"start":{"line":53,"column":8},"end":{"line":57,"column":9}},"type":"if","locations":[{"start":{"line":53,"column":8},"end":{"line":57,"column":9}},{"start":{},"end":{}}],"line":53},"8":{"loc":{"start":{"line":59,"column":8},"end":{"line":61,"column":9}},"type":"if","locations":[{"start":{"line":59,"column":8},"end":{"line":61,"column":9}},{"start":{},"end":{}}],"line":59},"9":{"loc":{"start":{"line":64,"column":8},"end":{"line":65,"column":34}},"type":"if","locations":[{"start":{"line":64,"column":8},"end":{"line":65,"column":34}},{"start":{},"end":{}}],"line":64},"10":{"loc":{"start":{"line":68,"column":8},"end":{"line":79,"column":9}},"type":"if","locations":[{"start":{"line":68,"column":8},"end":{"line":79,"column":9}},{"start":{},"end":{}}],"line":68},"11":{"loc":{"start":{"line":74,"column":12},"end":{"line":78,"column":13}},"type":"if","locations":[{"start":{"line":74,"column":12},"end":{"line":78,"column":13}},{"start":{},"end":{}}],"line":74},"12":{"loc":{"start":{"line":89,"column":28},"end":{"line":89,"column":66}},"type":"cond-expr","locations":[{"start":{"line":89,"column":41},"end":{"line":89,"column":59}},{"start":{"line":89,"column":62},"end":{"line":89,"column":66}}],"line":89},"13":{"loc":{"start":{"line":90,"column":27},"end":{"line":90,"column":69}},"type":"cond-expr","locations":[{"start":{"line":90,"column":49},"end":{"line":90,"column":57}},{"start":{"line":90,"column":60},"end":{"line":90,"column":69}}],"line":90},"14":{"loc":{"start":{"line":93,"column":8},"end":{"line":97,"column":9}},"type":"if","locations":[{"start":{"line":93,"column":8},"end":{"line":97,"column":9}},{"start":{},"end":{}}],"line":93},"15":{"loc":{"start":{"line":114,"column":8},"end":{"line":116,"column":9}},"type":"if","locations":[{"start":{"line":114,"column":8},"end":{"line":116,"column":9}},{"start":{},"end":{}}],"line":114},"16":{"loc":{"start":{"line":121,"column":8},"end":{"line":123,"column":9}},"type":"if","locations":[{"start":{"line":121,"column":8},"end":{"line":123,"column":9}},{"start":{},"end":{}}],"line":121},"17":{"loc":{"start":{"line":124,"column":8},"end":{"line":126,"column":9}},"type":"if","locations":[{"start":{"line":124,"column":8},"end":{"line":126,"column":9}},{"start":{},"end":{}}],"line":124},"18":{"loc":{"start":{"line":124,"column":12},"end":{"line":124,"column":71}},"type":"binary-expr","locations":[{"start":{"line":124,"column":12},"end":{"line":124,"column":40}},{"start":{"line":124,"column":44},"end":{"line":124,"column":71}}],"line":124},"19":{"loc":{"start":{"line":127,"column":8},"end":{"line":129,"column":9}},"type":"if","locations":[{"start":{"line":127,"column":8},"end":{"line":129,"column":9}},{"start":{},"end":{}}],"line":127},"20":{"loc":{"start":{"line":127,"column":12},"end":{"line":127,"column":58}},"type":"binary-expr","locations":[{"start":{"line":127,"column":12},"end":{"line":127,"column":27}},{"start":{"line":127,"column":31},"end":{"line":127,"column":58}}],"line":127},"21":{"loc":{"start":{"line":137,"column":8},"end":{"line":141,"column":9}},"type":"if","locations":[{"start":{"line":137,"column":8},"end":{"line":141,"column":9}},{"start":{},"end":{}}],"line":137},"22":{"loc":{"start":{"line":143,"column":8},"end":{"line":145,"column":9}},"type":"if","locations":[{"start":{"line":143,"column":8},"end":{"line":145,"column":9}},{"start":{},"end":{}}],"line":143},"23":{"loc":{"start":{"line":165,"column":8},"end":{"line":169,"column":9}},"type":"if","locations":[{"start":{"line":165,"column":8},"end":{"line":169,"column":9}},{"start":{},"end":{}}],"line":165},"24":{"loc":{"start":{"line":171,"column":8},"end":{"line":173,"column":9}},"type":"if","locations":[{"start":{"line":171,"column":8},"end":{"line":173,"column":9}},{"start":{},"end":{}}],"line":171},"25":{"loc":{"start":{"line":180,"column":8},"end":{"line":184,"column":9}},"type":"if","locations":[{"start":{"line":180,"column":8},"end":{"line":184,"column":9}},{"start":{},"end":{}}],"line":180},"26":{"loc":{"start":{"line":186,"column":16},"end":{"line":186,"column":41}},"type":"binary-expr","locations":[{"start":{"line":186,"column":16},"end":{"line":186,"column":21}},{"start":{"line":186,"column":25},"end":{"line":186,"column":41}}],"line":186},"27":{"loc":{"start":{"line":187,"column":16},"end":{"line":187,"column":59}},"type":"binary-expr","locations":[{"start":{"line":187,"column":16},"end":{"line":187,"column":27}},{"start":{"line":187,"column":31},"end":{"line":187,"column":59}}],"line":187},"28":{"loc":{"start":{"line":188,"column":16},"end":{"line":188,"column":59}},"type":"binary-expr","locations":[{"start":{"line":188,"column":16},"end":{"line":188,"column":22}},{"start":{"line":188,"column":26},"end":{"line":188,"column":59}}],"line":188},"29":{"loc":{"start":{"line":188,"column":36},"end":{"line":188,"column":57}},"type":"binary-expr","locations":[{"start":{"line":188,"column":36},"end":{"line":188,"column":42}},{"start":{"line":188,"column":46},"end":{"line":188,"column":57}}],"line":188},"30":{"loc":{"start":{"line":189,"column":16},"end":{"line":189,"column":77}},"type":"binary-expr","locations":[{"start":{"line":189,"column":16},"end":{"line":189,"column":24}},{"start":{"line":189,"column":28},"end":{"line":189,"column":77}}],"line":189},"31":{"loc":{"start":{"line":189,"column":40},"end":{"line":189,"column":75}},"type":"cond-expr","locations":[{"start":{"line":189,"column":51},"end":{"line":189,"column":59}},{"start":{"line":189,"column":62},"end":{"line":189,"column":75}}],"line":189},"32":{"loc":{"start":{"line":190,"column":16},"end":{"line":190,"column":57}},"type":"binary-expr","locations":[{"start":{"line":190,"column":16},"end":{"line":190,"column":23}},{"start":{"line":190,"column":27},"end":{"line":190,"column":57}}],"line":190},"33":{"loc":{"start":{"line":191,"column":16},"end":{"line":191,"column":84}},"type":"binary-expr","locations":[{"start":{"line":191,"column":16},"end":{"line":191,"column":26}},{"start":{"line":191,"column":30},"end":{"line":191,"column":84}}],"line":191},"34":{"loc":{"start":{"line":191,"column":44},"end":{"line":191,"column":82}},"type":"cond-expr","locations":[{"start":{"line":191,"column":57},"end":{"line":191,"column":75}},{"start":{"line":191,"column":78},"end":{"line":191,"column":82}}],"line":191},"35":{"loc":{"start":{"line":192,"column":16},"end":{"line":192,"column":93}},"type":"cond-expr","locations":[{"start":{"line":192,"column":38},"end":{"line":192,"column":61}},{"start":{"line":192,"column":64},"end":{"line":192,"column":93}}],"line":192},"36":{"loc":{"start":{"line":216,"column":8},"end":{"line":220,"column":9}},"type":"if","locations":[{"start":{"line":216,"column":8},"end":{"line":220,"column":9}},{"start":{},"end":{}}],"line":216},"37":{"loc":{"start":{"line":238,"column":8},"end":{"line":240,"column":9}},"type":"if","locations":[{"start":{"line":238,"column":8},"end":{"line":240,"column":9}},{"start":{},"end":{}}],"line":238},"38":{"loc":{"start":{"line":241,"column":8},"end":{"line":243,"column":9}},"type":"if","locations":[{"start":{"line":241,"column":8},"end":{"line":243,"column":9}},{"start":{},"end":{}}],"line":241},"39":{"loc":{"start":{"line":244,"column":8},"end":{"line":246,"column":9}},"type":"if","locations":[{"start":{"line":244,"column":8},"end":{"line":246,"column":9}},{"start":{},"end":{}}],"line":244},"40":{"loc":{"start":{"line":244,"column":12},"end":{"line":244,"column":50}},"type":"binary-expr","locations":[{"start":{"line":244,"column":12},"end":{"line":244,"column":19}},{"start":{"line":244,"column":23},"end":{"line":244,"column":50}}],"line":244},"41":{"loc":{"start":{"line":250,"column":8},"end":{"line":254,"column":9}},"type":"if","locations":[{"start":{"line":250,"column":8},"end":{"line":254,"column":9}},{"start":{},"end":{}}],"line":250},"42":{"loc":{"start":{"line":271,"column":8},"end":{"line":275,"column":9}},"type":"if","locations":[{"start":{"line":271,"column":8},"end":{"line":275,"column":9}},{"start":{},"end":{}}],"line":271},"43":{"loc":{"start":{"line":281,"column":8},"end":{"line":285,"column":9}},"type":"if","locations":[{"start":{"line":281,"column":8},"end":{"line":285,"column":9}},{"start":{},"end":{}}],"line":281},"44":{"loc":{"start":{"line":302,"column":8},"end":{"line":306,"column":9}},"type":"if","locations":[{"start":{"line":302,"column":8},"end":{"line":306,"column":9}},{"start":{},"end":{}}],"line":302}},"s":{"0":2,"1":4,"2":2,"3":2,"4":2,"5":2,"6":2,"7":2,"8":2,"9":2,"10":2,"11":0,"12":0,"13":2,"14":0,"15":0,"16":0,"17":2,"18":2,"19":0,"20":0,"21":0,"22":0,"23":0,"24":0,"25":0,"26":0,"27":0,"28":0,"29":0,"30":0,"31":0,"32":0,"33":0,"34":0,"35":0,"36":0,"37":0,"38":0,"39":0,"40":0,"41":0,"42":0,"43":0,"44":0,"45":0,"46":2,"47":0,"48":0,"49":0,"50":0,"51":0,"52":0,"53":0,"54":0,"55":0,"56":0,"57":0,"58":0,"59":0,"60":0,"61":0,"62":0,"63":0,"64":0,"65":0,"66":0,"67":0,"68":0,"69":0,"70":2,"71":0,"72":0,"73":0,"74":0,"75":0,"76":0,"77":0,"78":0,"79":0,"80":0,"81":0,"82":0,"83":0,"84":0,"85":0,"86":0,"87":2,"88":0,"89":0,"90":0,"91":0,"92":0,"93":0,"94":2,"95":0,"96":0,"97":0,"98":0,"99":0,"100":0,"101":0,"102":0,"103":0,"104":0,"105":0,"106":0,"107":0,"108":0,"109":2,"110":0,"111":0,"112":0,"113":0,"114":0,"115":0,"116":0,"117":0,"118":0,"119":2,"120":0,"121":0,"122":0,"123":0,"124":0,"125":0,"126":0,"127":2},"f":{"0":4,"1":0,"2":0,"3":0,"4":0,"5":0,"6":0,"7":0,"8":0,"9":0,"10":0},"b":{"0":[2,2,2],"1":[2,2],"2":[4,4],"3":[0,0],"4":[0,0],"5":[0,0,0,0],"6":[0,0],"7":[0,0],"8":[0,0],"9":[0,0],"10":[0,0],"11":[0,0],"12":[0,0],"13":[0,0],"14":[0,0],"15":[0,0],"16":[0,0],"17":[0,0],"18":[0,0],"19":[0,0],"20":[0,0],"21":[0,0],"22":[0,0],"23":[0,0],"24":[0,0],"25":[0,0],"26":[0,0],"27":[0,0],"28":[0,0],"29":[0,0],"30":[0,0],"31":[0,0],"32":[0,0],"33":[0,0],"34":[0,0],"35":[0,0],"36":[0,0],"37":[0,0],"38":[0,0],"39":[0,0],"40":[0,0],"41":[0,0],"42":[0,0],"43":[0,0],"44":[0,0]},"inputSourceMap":null,"_coverageSchema":"1a1c01bbd47fc00a2c39e90264f33305004495a9","hash":"185f2be5fe5ad6c75f3def3bc646c18deddfe92b"}
,"C:\\Users\\Khalid Alam\\OneDrive\\Desktop\\MyProject\\fullstack-task-manager\\backend\\dist\\test\\utils\\db.js": {"path":"C:\\Users\\Khalid Alam\\OneDrive\\Desktop\\MyProject\\fullstack-task-manager\\backend\\dist\\test\\utils\\db.js","statementMap":{"0":{"start":{"line":2,"column":0},"end":{"line":2,"column":62}},"1":{"start":{"line":3,"column":0},"end":{"line":3,"column":24}},"2":{"start":{"line":4,"column":0},"end":{"line":4,"column":26}},"3":{"start":{"line":5,"column":0},"end":{"line":5,"column":26}},"4":{"start":{"line":6,"column":17},"end":{"line":6,"column":42}},"5":{"start":{"line":7,"column":0},"end":{"line":7,"column":45}},"6":{"start":{"line":9,"column":20},"end":{"line":12,"column":6}},"7":{"start":{"line":13,"column":4},"end":{"line":13,"column":86}},"8":{"start":{"line":16,"column":4},"end":{"line":16,"column":39}}},"fnMap":{"0":{"name":"resetDb","decl":{"start":{"line":8,"column":15},"end":{"line":8,"column":22}},"loc":{"start":{"line":8,"column":25},"end":{"line":14,"column":1}},"line":8},"1":{"name":"closeDb","decl":{"start":{"line":15,"column":15},"end":{"line":15,"column":22}},"loc":{"start":{"line":15,"column":25},"end":{"line":17,"column":1}},"line":15}},"branchMap":{},"s":{"0":2,"1":2,"2":2,"3":2,"4":2,"5":2,"6":3,"7":3,"8":2},"f":{"0":3,"1":2},"b":{},"inputSourceMap":null,"_coverageSchema":"1a1c01bbd47fc00a2c39e90264f33305004495a9","hash":"43acd74ccedaa3ba0cd0edbc98e5ff621ea54996"}
,"C:\\Users\\Khalid Alam\\OneDrive\\Desktop\\MyProject\\fullstack-task-manager\\backend\\dist\\utils\\cloudinary.js": {"path":"C:\\Users\\Khalid Alam\\OneDrive\\Desktop\\MyProject\\fullstack-task-manager\\backend\\dist\\utils\\cloudinary.js","statementMap":{"0":{"start":{"line":2,"column":22},"end":{"line":4,"column":1}},"1":{"start":{"line":3,"column":4},"end":{"line":3,"column":62}},"2":{"start":{"line":5,"column":0},"end":{"line":5,"column":62}},"3":{"start":{"line":6,"column":0},"end":{"line":6,"column":36}},"4":{"start":{"line":7,"column":21},"end":{"line":7,"column":42}},"5":{"start":{"line":8,"column":13},"end":{"line":8,"column":43}},"6":{"start":{"line":9,"column":0},"end":{"line":13,"column":3}},"7":{"start":{"line":14,"column":27},"end":{"line":34,"column":1}},"8":{"start":{"line":15,"column":4},"end":{"line":33,"column":5}},"9":{"start":{"line":16,"column":8},"end":{"line":18,"column":9}},"10":{"start":{"line":17,"column":12},"end":{"line":17,"column":49}},"11":{"start":{"line":19,"column":8},"end":{"line":21,"column":9}},"12":{"start":{"line":20,"column":12},"end":{"line":20,"column":67}},"13":{"start":{"line":23,"column":30},"end":{"line":26,"column":12}},"14":{"start":{"line":23,"column":68},"end":{"line":26,"column":10}},"15":{"start":{"line":27,"column":8},"end":{"line":27,"column":68}},"16":{"start":{"line":27,"column":32},"end":{"line":27,"column":66}},"17":{"start":{"line":28,"column":8},"end":{"line":28,"column":64}},"18":{"start":{"line":28,"column":45},"end":{"line":28,"column":62}},"19":{"start":{"line":31,"column":8},"end":{"line":31,"column":57}},"20":{"start":{"line":32,"column":8},"end":{"line":32,"column":20}},"21":{"start":{"line":35,"column":0},"end":{"line":35,"column":48}}},"fnMap":{"0":{"name":"(anonymous_0)","decl":{"start":{"line":2,"column":56},"end":{"line":2,"column":57}},"loc":{"start":{"line":2,"column":71},"end":{"line":4,"column":1}},"line":2},"1":{"name":"(anonymous_1)","decl":{"start":{"line":14,"column":27},"end":{"line":14,"column":28}},"loc":{"start":{"line":14,"column":44},"end":{"line":34,"column":1}},"line":14},"2":{"name":"(anonymous_2)","decl":{"start":{"line":23,"column":58},"end":{"line":23,"column":59}},"loc":{"start":{"line":23,"column":68},"end":{"line":26,"column":10}},"line":23},"3":{"name":"(anonymous_3)","decl":{"start":{"line":27,"column":22},"end":{"line":27,"column":23}},"loc":{"start":{"line":27,"column":32},"end":{"line":27,"column":66}},"line":27},"4":{"name":"(anonymous_4)","decl":{"start":{"line":28,"column":33},"end":{"line":28,"column":34}},"loc":{"start":{"line":28,"column":45},"end":{"line":28,"column":62}},"line":28}},"branchMap":{"0":{"loc":{"start":{"line":2,"column":22},"end":{"line":4,"column":1}},"type":"binary-expr","locations":[{"start":{"line":2,"column":23},"end":{"line":2,"column":27}},{"start":{"line":2,"column":31},"end":{"line":2,"column":51}},{"start":{"line":2,"column":56},"end":{"line":4,"column":1}}],"line":2},"1":{"loc":{"start":{"line":3,"column":11},"end":{"line":3,"column":61}},"type":"cond-expr","locations":[{"start":{"line":3,"column":37},"end":{"line":3,"column":40}},{"start":{"line":3,"column":43},"end":{"line":3,"column":61}}],"line":3},"2":{"loc":{"start":{"line":3,"column":12},"end":{"line":3,"column":33}},"type":"binary-expr","locations":[{"start":{"line":3,"column":12},"end":{"line":3,"column":15}},{"start":{"line":3,"column":19},"end":{"line":3,"column":33}}],"line":3},"3":{"loc":{"start":{"line":16,"column":8},"end":{"line":18,"column":9}},"type":"if","locations":[{"start":{"line":16,"column":8},"end":{"line":18,"column":9}},{"start":{},"end":{}}],"line":16},"4":{"loc":{"start":{"line":16,"column":12},"end":{"line":16,"column":40}},"type":"binary-expr","locations":[{"start":{"line":16,"column":12},"end":{"line":16,"column":18}},{"start":{"line":16,"column":22},"end":{"line":16,"column":40}}],"line":16},"5":{"loc":{"start":{"line":19,"column":8},"end":{"line":21,"column":9}},"type":"if","locations":[{"start":{"line":19,"column":8},"end":{"line":21,"column":9}},{"start":{},"end":{}}],"line":19}},"s":{"0":2,"1":2,"2":2,"3":2,"4":2,"5":2,"6":2,"7":2,"8":0,"9":0,"10":0,"11":0,"12":0,"13":0,"14":0,"15":0,"16":0,"17":0,"18":0,"19":0,"20":0,"21":2},"f":{"0":2,"1":0,"2":0,"3":0,"4":0},"b":{"0":[2,2,2],"1":[0,2],"2":[2,2],"3":[0,0],"4":[0,0],"5":[0,0]},"inputSourceMap":null,"_coverageSchema":"1a1c01bbd47fc00a2c39e90264f33305004495a9","hash":"d31077bd27380a85f579bedf8e91e46a770c2ae2"}
,"C:\\Users\\Khalid Alam\\OneDrive\\Desktop\\MyProject\\fullstack-task-manager\\backend\\src\\index.ts": {"path":"C:\\Users\\Khalid Alam\\OneDrive\\Desktop\\MyProject\\fullstack-task-manager\\backend\\src\\index.ts","statementMap":{"0":{"start":{"line":1,"column":0},"end":{"line":1,"column":30}},"1":{"start":{"line":2,"column":0},"end":{"line":2,"column":24}},"2":{"start":{"line":3,"column":0},"end":{"line":3,"column":28}},"3":{"start":{"line":4,"column":0},"end":{"line":4,"column":43}},"4":{"start":{"line":5,"column":0},"end":{"line":5,"column":45}},"5":{"start":{"line":6,"column":0},"end":{"line":6,"column":43}},"6":{"start":{"line":9,"column":0},"end":{"line":9,"column":16}},"7":{"start":{"line":10,"column":13},"end":{"line":10,"column":29}},"8":{"start":{"line":11,"column":0},"end":{"line":11,"column":16}},"9":{"start":{"line":12,"column":0},"end":{"line":12,"column":24}},"10":{"start":{"line":15,"column":0},"end":{"line":15,"column":36}},"11":{"start":{"line":16,"column":0},"end":{"line":16,"column":38}},"12":{"start":{"line":17,"column":0},"end":{"line":17,"column":36}},"13":{"start":{"line":19,"column":0},"end":{"line":19,"column":63}},"14":{"start":{"line":19,"column":27},"end":{"line":19,"column":61}},"15":{"start":{"line":23,"column":0},"end":{"line":25,"column":1}},"16":{"start":{"line":24,"column":2},"end":{"line":24,"column":65}},"17":{"start":{"line":24,"column":25},"end":{"line":24,"column":63}}},"fnMap":{"0":{"name":"(anonymous_1)","decl":{"start":{"line":19,"column":13},"end":{"line":19,"column":14}},"loc":{"start":{"line":19,"column":27},"end":{"line":19,"column":61}}},"1":{"name":"(anonymous_2)","decl":{"start":{"line":24,"column":19},"end":{"line":24,"column":22}},"loc":{"start":{"line":24,"column":25},"end":{"line":24,"column":63}}}},"branchMap":{"0":{"loc":{"start":{"line":23,"column":0},"end":{"line":25,"column":1}},"type":"if","locations":[{"start":{"line":23,"column":0},"end":{"line":25,"column":1}},{"start":{},"end":{}}]}},"s":{"0":2,"1":2,"2":2,"3":2,"4":2,"5":2,"6":2,"7":2,"8":2,"9":2,"10":2,"11":2,"12":2,"13":2,"14":0,"15":2,"16":0,"17":0},"f":{"0":0,"1":0},"b":{"0":[0,2]}}
,"C:\\Users\\Khalid Alam\\OneDrive\\Desktop\\MyProject\\fullstack-task-manager\\backend\\src\\db\\index.ts": {"path":"C:\\Users\\Khalid Alam\\OneDrive\\Desktop\\MyProject\\fullstack-task-manager\\backend\\src\\db\\index.ts","statementMap":{"0":{"start":{"line":2,"column":0},"end":{"line":2,"column":46}},"1":{"start":{"line":4,"column":15},"end":{"line":4,"column":33}},"2":{"start":{"line":6,"column":0},"end":{"line":6,"column":22}}},"fnMap":{},"branchMap":{},"s":{"0":2,"1":2,"2":2},"f":{},"b":{}}
,"C:\\Users\\Khalid Alam\\OneDrive\\Desktop\\MyProject\\fullstack-task-manager\\backend\\src\\middleware\\authenticate.ts": {"path":"C:\\Users\\Khalid Alam\\OneDrive\\Desktop\\MyProject\\fullstack-task-manager\\backend\\src\\middleware\\authenticate.ts","statementMap":{"0":{"start":{"line":3,"column":0},"end":{"line":3,"column":31}},"1":{"start":{"line":5,"column":28},"end":{"line":34,"column":1}},"2":{"start":{"line":6,"column":18},"end":{"line":6,"column":43}},"3":{"start":{"line":8,"column":4},"end":{"line":13,"column":5}},"4":{"start":{"line":9,"column":8},"end":{"line":12,"column":null}},"5":{"start":{"line":15,"column":4},"end":{"line":33,"column":5}},"6":{"start":{"line":16,"column":24},"end":{"line":16,"column":75}},"7":{"start":{"line":18,"column":8},"end":{"line":23,"column":9}},"8":{"start":{"line":19,"column":12},"end":{"line":22,"column":null}},"9":{"start":{"line":25,"column":9},"end":{"line":25,"column":37}},"10":{"start":{"line":26,"column":8},"end":{"line":26,"column":15}},"11":{"start":{"line":29,"column":8},"end":{"line":32,"column":null}},"12":{"start":{"line":5,"column":13},"end":{"line":5,"column":28}},"13":{"start":{"line":37,"column":23},"end":{"line":50,"column":1}},"14":{"start":{"line":38,"column":4},"end":{"line":49,"column":5}},"15":{"start":{"line":39,"column":8},"end":{"line":43,"column":9}},"16":{"start":{"line":40,"column":12},"end":{"line":42,"column":null}},"17":{"start":{"line":46,"column":8},"end":{"line":48,"column":null}},"18":{"start":{"line":37,"column":13},"end":{"line":37,"column":23}}},"fnMap":{"0":{"name":"(anonymous_1)","decl":{"start":{"line":5,"column":28},"end":{"line":5,"column":29}},"loc":{"start":{"line":5,"column":83},"end":{"line":34,"column":1}}},"1":{"name":"(anonymous_2)","decl":{"start":{"line":37,"column":23},"end":{"line":37,"column":24}},"loc":{"start":{"line":37,"column":78},"end":{"line":50,"column":1}}}},"branchMap":{"0":{"loc":{"start":{"line":8,"column":4},"end":{"line":13,"column":5}},"type":"if","locations":[{"start":{"line":8,"column":4},"end":{"line":13,"column":5}},{"start":{},"end":{}}]},"1":{"loc":{"start":{"line":18,"column":8},"end":{"line":23,"column":9}},"type":"if","locations":[{"start":{"line":18,"column":8},"end":{"line":23,"column":9}},{"start":{},"end":{}}]},"2":{"loc":{"start":{"line":39,"column":8},"end":{"line":43,"column":9}},"type":"if","locations":[{"start":{"line":39,"column":8},"end":{"line":43,"column":9}},{"start":{},"end":{}}]}},"s":{"0":2,"1":2,"2":0,"3":0,"4":0,"5":0,"6":0,"7":0,"8":0,"9":0,"10":0,"11":0,"12":2,"13":2,"14":0,"15":0,"16":0,"17":0,"18":2},"f":{"0":0,"1":0},"b":{"0":[0,0],"1":[0,0],"2":[0,0]}}
,"C:\\Users\\Khalid Alam\\OneDrive\\Desktop\\MyProject\\fullstack-task-manager\\backend\\src\\router\\admin.ts": {"path":"C:\\Users\\Khalid Alam\\OneDrive\\Desktop\\MyProject\\fullstack-task-manager\\backend\\src\\router\\admin.ts","statementMap":{"0":{"start":{"line":1,"column":0},"end":{"line":1,"column":33}},"1":{"start":{"line":2,"column":0},"end":{"line":2,"column":27}},"2":{"start":{"line":3,"column":0},"end":{"line":3,"column":67}},"3":{"start":{"line":5,"column":15},"end":{"line":5,"column":23}},"4":{"start":{"line":8,"column":0},"end":{"line":28,"column":null}},"5":{"start":{"line":9,"column":4},"end":{"line":27,"column":5}},"6":{"start":{"line":11,"column":22},"end":{"line":16,"column":10}},"7":{"start":{"line":18,"column":8},"end":{"line":21,"column":null}},"8":{"start":{"line":24,"column":8},"end":{"line":26,"column":null}},"9":{"start":{"line":58,"column":13},"end":{"line":58,"column":34}}},"fnMap":{"0":{"name":"(anonymous_1)","decl":{"start":{"line":8,"column":44},"end":{"line":8,"column":49}},"loc":{"start":{"line":8,"column":63},"end":{"line":28,"column":1}}}},"branchMap":{},"s":{"0":2,"1":2,"2":2,"3":2,"4":2,"5":0,"6":0,"7":0,"8":0,"9":2},"f":{"0":0},"b":{}}
,"C:\\Users\\Khalid Alam\\OneDrive\\Desktop\\MyProject\\fullstack-task-manager\\backend\\src\\router\\auth.ts": {"path":"C:\\Users\\Khalid Alam\\OneDrive\\Desktop\\MyProject\\fullstack-task-manager\\backend\\src\\router\\auth.ts","statementMap":{"0":{"start":{"line":2,"column":0},"end":{"line":2,"column":33}},"1":{"start":{"line":3,"column":0},"end":{"line":3,"column":27}},"2":{"start":{"line":4,"column":0},"end":{"line":4,"column":30}},"3":{"start":{"line":5,"column":0},"end":{"line":5,"column":31}},"4":{"start":{"line":8,"column":15},"end":{"line":8,"column":23}},"5":{"start":{"line":10,"column":0},"end":{"line":61,"column":3}},"6":{"start":{"line":11,"column":4},"end":{"line":60,"column":5}},"7":{"start":{"line":13,"column":49},"end":{"line":13,"column":57}},"8":{"start":{"line":15,"column":8},"end":{"line":19,"column":9}},"9":{"start":{"line":16,"column":12},"end":{"line":18,"column":null}},"10":{"start":{"line":22,"column":29},"end":{"line":26,"column":10}},"11":{"start":{"line":28,"column":8},"end":{"line":32,"column":9}},"12":{"start":{"line":29,"column":12},"end":{"line":31,"column":null}},"13":{"start":{"line":35,"column":31},"end":{"line":35,"column":62}},"14":{"start":{"line":38,"column":25},"end":{"line":45,"column":10}},"15":{"start":{"line":47,"column":8},"end":{"line":54,"column":11}},"16":{"start":{"line":57,"column":8},"end":{"line":59,"column":null}},"17":{"start":{"line":63,"column":0},"end":{"line":124,"column":null}},"18":{"start":{"line":64,"column":4},"end":{"line":123,"column":5}},"19":{"start":{"line":66,"column":36},"end":{"line":66,"column":44}},"20":{"start":{"line":68,"column":8},"end":{"line":72,"column":9}},"21":{"start":{"line":69,"column":12},"end":{"line":71,"column":null}},"22":{"start":{"line":75,"column":26},"end":{"line":79,"column":10}},"23":{"start":{"line":81,"column":8},"end":{"line":85,"column":9}},"24":{"start":{"line":82,"column":12},"end":{"line":84,"column":null}},"25":{"start":{"line":88,"column":32},"end":{"line":88,"column":81}},"26":{"start":{"line":90,"column":8},"end":{"line":94,"column":9}},"27":{"start":{"line":91,"column":12},"end":{"line":93,"column":null}},"28":{"start":{"line":97,"column":24},"end":{"line":101,"column":null}},"29":{"start":{"line":103,"column":22},"end":{"line":105,"column":10}},"30":{"start":{"line":107,"column":8},"end":{"line":117,"column":11}},"31":{"start":{"line":120,"column":8},"end":{"line":122,"column":null}},"32":{"start":{"line":126,"column":13},"end":{"line":126,"column":33}}},"fnMap":{"0":{"name":"(anonymous_1)","decl":{"start":{"line":10,"column":25},"end":{"line":10,"column":30}},"loc":{"start":{"line":10,"column":44},"end":{"line":61,"column":1}}},"1":{"name":"(anonymous_2)","decl":{"start":{"line":63,"column":22},"end":{"line":63,"column":27}},"loc":{"start":{"line":63,"column":41},"end":{"line":124,"column":1}}}},"branchMap":{"0":{"loc":{"start":{"line":15,"column":8},"end":{"line":19,"column":9}},"type":"if","locations":[{"start":{"line":15,"column":8},"end":{"line":19,"column":9}},{"start":{},"end":{}}]},"1":{"loc":{"start":{"line":15,"column":11},"end":{"line":15,"column":39}},"type":"binary-expr","locations":[{"start":{"line":15,"column":11},"end":{"line":15,"column":16}},{"start":{"line":15,"column":20},"end":{"line":15,"column":26}},{"start":{"line":15,"column":30},"end":{"line":15,"column":39}}]},"2":{"loc":{"start":{"line":28,"column":8},"end":{"line":32,"column":9}},"type":"if","locations":[{"start":{"line":28,"column":8},"end":{"line":32,"column":9}},{"start":{},"end":{}}]},"3":{"loc":{"start":{"line":68,"column":8},"end":{"line":72,"column":9}},"type":"if","locations":[{"start":{"line":68,"column":8},"end":{"line":72,"column":9}},{"start":{},"end":{}}]},"4":{"loc":{"start":{"line":68,"column":11},"end":{"line":68,"column":30}},"type":"binary-expr","locations":[{"start":{"line":68,"column":11},"end":{"line":68,"column":17}},{"start":{"line":68,"column":21},"end":{"line":68,"column":30}}]},"5":{"loc":{"start":{"line":81,"column":8},"end":{"line":85,"column":9}},"type":"if","locations":[{"start":{"line":81,"column":8},"end":{"line":85,"column":9}},{"start":{},"end":{}}]},"6":{"loc":{"start":{"line":90,"column":8},"end":{"line":94,"column":9}},"type":"if","locations":[{"start":{"line":90,"column":8},"end":{"line":94,"column":9}},{"start":{},"end":{}}]}},"s":{"0":2,"1":2,"2":2,"3":2,"4":2,"5":2,"6":3,"7":3,"8":3,"9":0,"10":3,"11":3,"12":0,"13":3,"14":3,"15":3,"16":0,"17":2,"18":2,"19":2,"20":2,"21":0,"22":2,"23":2,"24":0,"25":2,"26":2,"27":0,"28":2,"29":2,"30":2,"31":0,"32":2},"f":{"0":3,"1":2},"b":{"0":[0,3],"1":[3,3,3],"2":[0,3],"3":[0,2],"4":[2,2],"5":[0,2],"6":[0,2]}}
,"C:\\Users\\Khalid Alam\\OneDrive\\Desktop\\MyProject\\fullstack-task-manager\\backend\\src\\router\\task.ts": {"path":"C:\\Users\\Khalid Alam\\OneDrive\\Desktop\\MyProject\\fullstack-task-manager\\backend\\src\\router\\task.ts","statementMap":{"0":{"start":{"line":1,"column":0},"end":{"line":1,"column":33}},"1":{"start":{"line":2,"column":0},"end":{"line":2,"column":27}},"2":{"start":{"line":3,"column":0},"end":{"line":3,"column":27}},"3":{"start":{"line":4,"column":0},"end":{"line":4,"column":58}},"4":{"start":{"line":5,"column":0},"end":{"line":5,"column":57}},"5":{"start":{"line":6,"column":15},"end":{"line":6,"column":23}},"6":{"start":{"line":11,"column":16},"end":{"line":14,"column":2}},"7":{"start":{"line":12,"column":37},"end":{"line":12,"column":57}},"8":{"start":{"line":13,"column":34},"end":{"line":13,"column":79}},"9":{"start":{"line":16,"column":19},"end":{"line":22,"column":1}},"10":{"start":{"line":17,"column":4},"end":{"line":21,"column":5}},"11":{"start":{"line":18,"column":8},"end":{"line":18,"column":23}},"12":{"start":{"line":20,"column":8},"end":{"line":20,"column":59}},"13":{"start":{"line":24,"column":15},"end":{"line":24,"column":90}},"14":{"start":{"line":27,"column":0},"end":{"line":120,"column":null}},"15":{"start":{"line":28,"column":4},"end":{"line":119,"column":5}},"16":{"start":{"line":29,"column":68},"end":{"line":29,"column":76}},"17":{"start":{"line":31,"column":8},"end":{"line":35,"column":9}},"18":{"start":{"line":32,"column":12},"end":{"line":34,"column":null}},"19":{"start":{"line":38,"column":24},"end":{"line":38,"column":40}},"20":{"start":{"line":40,"column":8},"end":{"line":44,"column":9}},"21":{"start":{"line":41,"column":12},"end":{"line":43,"column":null}},"22":{"start":{"line":47,"column":25},"end":{"line":54,"column":10}},"23":{"start":{"line":56,"column":8},"end":{"line":60,"column":9}},"24":{"start":{"line":57,"column":12},"end":{"line":59,"column":null}},"25":{"start":{"line":62,"column":43},"end":{"line":62,"column":45}},"26":{"start":{"line":63,"column":8},"end":{"line":65,"column":9}},"27":{"start":{"line":64,"column":12},"end":{"line":64,"column":55}},"28":{"start":{"line":67,"column":25},"end":{"line":67,"column":56}},"29":{"start":{"line":69,"column":33},"end":{"line":69,"column":39}},"30":{"start":{"line":70,"column":8},"end":{"line":70,"column":45}},"31":{"start":{"line":70,"column":23},"end":{"line":70,"column":45}},"32":{"start":{"line":73,"column":27},"end":{"line":73,"column":31}},"33":{"start":{"line":74,"column":8},"end":{"line":86,"column":9}},"34":{"start":{"line":75,"column":12},"end":{"line":79,"column":15}},"35":{"start":{"line":81,"column":12},"end":{"line":85,"column":13}},"36":{"start":{"line":82,"column":16},"end":{"line":84,"column":null}},"37":{"start":{"line":89,"column":24},"end":{"line":100,"column":10}},"38":{"start":{"line":102,"column":8},"end":{"line":106,"column":9}},"39":{"start":{"line":103,"column":12},"end":{"line":105,"column":null}},"40":{"start":{"line":109,"column":8},"end":{"line":112,"column":null}},"41":{"start":{"line":116,"column":8},"end":{"line":118,"column":null}},"42":{"start":{"line":123,"column":0},"end":{"line":184,"column":3}},"43":{"start":{"line":124,"column":4},"end":{"line":183,"column":5}},"44":{"start":{"line":125,"column":23},"end":{"line":125,"column":33}},"45":{"start":{"line":126,"column":24},"end":{"line":126,"column":43}},"46":{"start":{"line":128,"column":8},"end":{"line":130,"column":9}},"47":{"start":{"line":129,"column":12},"end":{"line":129,"column":79}},"48":{"start":{"line":133,"column":21},"end":{"line":135,"column":10}},"49":{"start":{"line":137,"column":8},"end":{"line":139,"column":9}},"50":{"start":{"line":138,"column":12},"end":{"line":138,"column":71}},"51":{"start":{"line":141,"column":8},"end":{"line":143,"column":9}},"52":{"start":{"line":142,"column":12},"end":{"line":142,"column":80}},"53":{"start":{"line":145,"column":8},"end":{"line":147,"column":9}},"54":{"start":{"line":146,"column":12},"end":{"line":146,"column":89}},"55":{"start":{"line":149,"column":27},"end":{"line":149,"column":61}},"56":{"start":{"line":152,"column":26},"end":{"line":154,"column":10}},"57":{"start":{"line":157,"column":31},"end":{"line":157,"column":60}},"58":{"start":{"line":159,"column":8},"end":{"line":163,"column":9}},"59":{"start":{"line":160,"column":12},"end":{"line":162,"column":15}},"60":{"start":{"line":166,"column":8},"end":{"line":168,"column":9}},"61":{"start":{"line":167,"column":12},"end":{"line":167,"column":82}},"62":{"start":{"line":171,"column":8},"end":{"line":174,"column":11}},"63":{"start":{"line":176,"column":8},"end":{"line":178,"column":11}},"64":{"start":{"line":181,"column":8},"end":{"line":181,"column":29}},"65":{"start":{"line":182,"column":8},"end":{"line":182,"column":74}},"66":{"start":{"line":187,"column":0},"end":{"line":250,"column":null}},"67":{"start":{"line":188,"column":4},"end":{"line":249,"column":5}},"68":{"start":{"line":189,"column":23},"end":{"line":189,"column":33}},"69":{"start":{"line":192,"column":78},"end":{"line":192,"column":86}},"70":{"start":{"line":194,"column":8},"end":{"line":198,"column":9}},"71":{"start":{"line":195,"column":12},"end":{"line":197,"column":null}},"72":{"start":{"line":200,"column":43},"end":{"line":200,"column":45}},"73":{"start":{"line":201,"column":8},"end":{"line":203,"column":9}},"74":{"start":{"line":202,"column":12},"end":{"line":202,"column":55}},"75":{"start":{"line":205,"column":25},"end":{"line":205,"column":56}},"76":{"start":{"line":207,"column":21},"end":{"line":211,"column":10}},"77":{"start":{"line":213,"column":8},"end":{"line":217,"column":9}},"78":{"start":{"line":214,"column":12},"end":{"line":216,"column":null}},"79":{"start":{"line":221,"column":34},"end":{"line":229,"column":null}},"80":{"start":{"line":232,"column":8},"end":{"line":237,"column":11}},"81":{"start":{"line":239,"column":8},"end":{"line":242,"column":11}},"82":{"start":{"line":246,"column":8},"end":{"line":248,"column":null}},"83":{"start":{"line":253,"column":0},"end":{"line":273,"column":null}},"84":{"start":{"line":254,"column":4},"end":{"line":272,"column":5}},"85":{"start":{"line":255,"column":22},"end":{"line":255,"column":50}},"86":{"start":{"line":257,"column":8},"end":{"line":261,"column":9}},"87":{"start":{"line":258,"column":12},"end":{"line":260,"column":null}},"88":{"start":{"line":263,"column":8},"end":{"line":266,"column":null}},"89":{"start":{"line":269,"column":8},"end":{"line":271,"column":null}},"90":{"start":{"line":276,"column":0},"end":{"line":315,"column":null}},"91":{"start":{"line":277,"column":4},"end":{"line":314,"column":5}},"92":{"start":{"line":278,"column":46},"end":{"line":278,"column":55}},"93":{"start":{"line":280,"column":31},"end":{"line":280,"column":33}},"94":{"start":{"line":282,"column":8},"end":{"line":284,"column":9}},"95":{"start":{"line":283,"column":12},"end":{"line":283,"column":48}},"96":{"start":{"line":286,"column":8},"end":{"line":288,"column":9}},"97":{"start":{"line":287,"column":12},"end":{"line":287,"column":52}},"98":{"start":{"line":290,"column":8},"end":{"line":292,"column":9}},"99":{"start":{"line":291,"column":12},"end":{"line":291,"column":52}},"100":{"start":{"line":294,"column":22},"end":{"line":296,"column":10}},"101":{"start":{"line":298,"column":8},"end":{"line":302,"column":9}},"102":{"start":{"line":299,"column":12},"end":{"line":301,"column":null}},"103":{"start":{"line":305,"column":8},"end":{"line":308,"column":null}},"104":{"start":{"line":311,"column":8},"end":{"line":313,"column":null}},"105":{"start":{"line":318,"column":0},"end":{"line":350,"column":null}},"106":{"start":{"line":319,"column":4},"end":{"line":349,"column":5}},"107":{"start":{"line":320,"column":23},"end":{"line":320,"column":33}},"108":{"start":{"line":322,"column":8},"end":{"line":326,"column":9}},"109":{"start":{"line":323,"column":12},"end":{"line":325,"column":null}},"110":{"start":{"line":328,"column":21},"end":{"line":332,"column":10}},"111":{"start":{"line":334,"column":8},"end":{"line":338,"column":9}},"112":{"start":{"line":335,"column":12},"end":{"line":337,"column":null}},"113":{"start":{"line":340,"column":8},"end":{"line":343,"column":11}},"114":{"start":{"line":346,"column":8},"end":{"line":348,"column":null}},"115":{"start":{"line":354,"column":0},"end":{"line":379,"column":null}},"116":{"start":{"line":355,"column":4},"end":{"line":378,"column":5}},"117":{"start":{"line":356,"column":23},"end":{"line":356,"column":33}},"118":{"start":{"line":358,"column":8},"end":{"line":362,"column":9}},"119":{"start":{"line":359,"column":12},"end":{"line":361,"column":null}},"120":{"start":{"line":364,"column":8},"end":{"line":368,"column":11}},"121":{"start":{"line":370,"column":8},"end":{"line":372,"column":null}},"122":{"start":{"line":375,"column":8},"end":{"line":377,"column":null}},"123":{"start":{"line":382,"column":13},"end":{"line":382,"column":33}}},"fnMap":{"0":{"name":"(anonymous_1)","decl":{"start":{"line":12,"column":18},"end":{"line":12,"column":19}},"loc":{"start":{"line":12,"column":37},"end":{"line":12,"column":57}}},"1":{"name":"(anonymous_2)","decl":{"start":{"line":13,"column":15},"end":{"line":13,"column":16}},"loc":{"start":{"line":13,"column":34},"end":{"line":13,"column":79}}},"2":{"name":"(anonymous_3)","decl":{"start":{"line":16,"column":19},"end":{"line":16,"column":20}},"loc":{"start":{"line":16,"column":71},"end":{"line":22,"column":1}}},"3":{"name":"(anonymous_4)","decl":{"start":{"line":27,"column":72},"end":{"line":27,"column":77}},"loc":{"start":{"line":27,"column":91},"end":{"line":120,"column":1}}},"4":{"name":"(anonymous_5)","decl":{"start":{"line":123,"column":49},"end":{"line":123,"column":54}},"loc":{"start":{"line":123,"column":68},"end":{"line":184,"column":1}}},"5":{"name":"(anonymous_6)","decl":{"start":{"line":187,"column":69},"end":{"line":187,"column":74}},"loc":{"start":{"line":187,"column":88},"end":{"line":250,"column":1}}},"6":{"name":"(anonymous_7)","decl":{"start":{"line":253,"column":35},"end":{"line":253,"column":40}},"loc":{"start":{"line":253,"column":54},"end":{"line":273,"column":1}}},"7":{"name":"(anonymous_8)","decl":{"start":{"line":276,"column":42},"end":{"line":276,"column":47}},"loc":{"start":{"line":276,"column":61},"end":{"line":315,"column":1}}},"8":{"name":"(anonymous_9)","decl":{"start":{"line":318,"column":39},"end":{"line":318,"column":44}},"loc":{"start":{"line":318,"column":58},"end":{"line":350,"column":1}}},"9":{"name":"(anonymous_10)","decl":{"start":{"line":354,"column":42},"end":{"line":354,"column":47}},"loc":{"start":{"line":354,"column":61},"end":{"line":379,"column":1}}}},"branchMap":{"0":{"loc":{"start":{"line":17,"column":4},"end":{"line":21,"column":5}},"type":"if","locations":[{"start":{"line":17,"column":4},"end":{"line":21,"column":5}},{"start":{"line":19,"column":11},"end":{"line":21,"column":5}}]},"1":{"loc":{"start":{"line":31,"column":8},"end":{"line":35,"column":9}},"type":"if","locations":[{"start":{"line":31,"column":8},"end":{"line":35,"column":9}},{"start":{},"end":{}}]},"2":{"loc":{"start":{"line":31,"column":11},"end":{"line":31,"column":58}},"type":"binary-expr","locations":[{"start":{"line":31,"column":11},"end":{"line":31,"column":17}},{"start":{"line":31,"column":21},"end":{"line":31,"column":33}},{"start":{"line":31,"column":37},"end":{"line":31,"column":46}},{"start":{"line":31,"column":50},"end":{"line":31,"column":58}}]},"3":{"loc":{"start":{"line":40,"column":8},"end":{"line":44,"column":9}},"type":"if","locations":[{"start":{"line":40,"column":8},"end":{"line":44,"column":9}},{"start":{},"end":{}}]},"4":{"loc":{"start":{"line":56,"column":8},"end":{"line":60,"column":9}},"type":"if","locations":[{"start":{"line":56,"column":8},"end":{"line":60,"column":9}},{"start":{},"end":{}}]},"5":{"loc":{"start":{"line":63,"column":8},"end":{"line":65,"column":9}},"type":"if","locations":[{"start":{"line":63,"column":8},"end":{"line":65,"column":9}},{"start":{},"end":{}}]},"6":{"loc":{"start":{"line":70,"column":8},"end":{"line":70,"column":45}},"type":"if","locations":[{"start":{"line":70,"column":8},"end":{"line":70,"column":45}},{"start":{},"end":{}}]},"7":{"loc":{"start":{"line":74,"column":8},"end":{"line":86,"column":9}},"type":"if","locations":[{"start":{"line":74,"column":8},"end":{"line":86,"column":9}},{"start":{},"end":{}}]},"8":{"loc":{"start":{"line":81,"column":12},"end":{"line":85,"column":13}},"type":"if","locations":[{"start":{"line":81,"column":12},"end":{"line":85,"column":13}},{"start":{},"end":{}}]},"9":{"loc":{"start":{"line":97,"column":29},"end":{"line":97,"column":67}},"type":"cond-expr","locations":[{"start":{"line":97,"column":42},"end":{"line":97,"column":60}},{"start":{"line":97,"column":63},"end":{"line":97,"column":67}}]},"10":{"loc":{"start":{"line":98,"column":28},"end":{"line":98,"column":70}},"type":"cond-expr","locations":[{"start":{"line":98,"column":50},"end":{"line":98,"column":58}},{"start":{"line":98,"column":61},"end":{"line":98,"column":70}}]},"11":{"loc":{"start":{"line":102,"column":8},"end":{"line":106,"column":9}},"type":"if","locations":[{"start":{"line":102,"column":8},"end":{"line":106,"column":9}},{"start":{},"end":{}}]},"12":{"loc":{"start":{"line":128,"column":8},"end":{"line":130,"column":9}},"type":"if","locations":[{"start":{"line":128,"column":8},"end":{"line":130,"column":9}},{"start":{},"end":{}}]},"13":{"loc":{"start":{"line":137,"column":8},"end":{"line":139,"column":9}},"type":"if","locations":[{"start":{"line":137,"column":8},"end":{"line":139,"column":9}},{"start":{},"end":{}}]},"14":{"loc":{"start":{"line":141,"column":8},"end":{"line":143,"column":9}},"type":"if","locations":[{"start":{"line":141,"column":8},"end":{"line":143,"column":9}},{"start":{},"end":{}}]},"15":{"loc":{"start":{"line":141,"column":12},"end":{"line":141,"column":71}},"type":"binary-expr","locations":[{"start":{"line":141,"column":12},"end":{"line":141,"column":40}},{"start":{"line":141,"column":44},"end":{"line":141,"column":71}}]},"16":{"loc":{"start":{"line":145,"column":8},"end":{"line":147,"column":9}},"type":"if","locations":[{"start":{"line":145,"column":8},"end":{"line":147,"column":9}},{"start":{},"end":{}}]},"17":{"loc":{"start":{"line":145,"column":12},"end":{"line":145,"column":72}},"type":"binary-expr","locations":[{"start":{"line":145,"column":12},"end":{"line":145,"column":27}},{"start":{"line":145,"column":32},"end":{"line":145,"column":72}}]},"18":{"loc":{"start":{"line":159,"column":8},"end":{"line":163,"column":9}},"type":"if","locations":[{"start":{"line":159,"column":8},"end":{"line":163,"column":9}},{"start":{},"end":{}}]},"19":{"loc":{"start":{"line":166,"column":8},"end":{"line":168,"column":9}},"type":"if","locations":[{"start":{"line":166,"column":8},"end":{"line":168,"column":9}},{"start":{},"end":{}}]},"20":{"loc":{"start":{"line":194,"column":8},"end":{"line":198,"column":9}},"type":"if","locations":[{"start":{"line":194,"column":8},"end":{"line":198,"column":9}},{"start":{},"end":{}}]},"21":{"loc":{"start":{"line":201,"column":8},"end":{"line":203,"column":9}},"type":"if","locations":[{"start":{"line":201,"column":8},"end":{"line":203,"column":9}},{"start":{},"end":{}}]},"22":{"loc":{"start":{"line":213,"column":8},"end":{"line":217,"column":9}},"type":"if","locations":[{"start":{"line":213,"column":8},"end":{"line":217,"column":9}},{"start":{},"end":{}}]},"23":{"loc":{"start":{"line":222,"column":16},"end":{"line":222,"column":42}},"type":"binary-expr","locations":[{"start":{"line":222,"column":16},"end":{"line":222,"column":21}},{"start":{"line":222,"column":25},"end":{"line":222,"column":42}}]},"24":{"loc":{"start":{"line":223,"column":16},"end":{"line":223,"column":60}},"type":"binary-expr","locations":[{"start":{"line":223,"column":16},"end":{"line":223,"column":27}},{"start":{"line":223,"column":31},"end":{"line":223,"column":60}}]},"25":{"loc":{"start":{"line":224,"column":16},"end":{"line":224,"column":74}},"type":"binary-expr","locations":[{"start":{"line":224,"column":16},"end":{"line":224,"column":22}},{"start":{"line":224,"column":26},"end":{"line":224,"column":74}}]},"26":{"loc":{"start":{"line":224,"column":37},"end":{"line":224,"column":72}},"type":"binary-expr","locations":[{"start":{"line":224,"column":37},"end":{"line":224,"column":57}},{"start":{"line":224,"column":61},"end":{"line":224,"column":72}}]},"27":{"loc":{"start":{"line":225,"column":16},"end":{"line":225,"column":78}},"type":"binary-expr","locations":[{"start":{"line":225,"column":16},"end":{"line":225,"column":24}},{"start":{"line":225,"column":28},"end":{"line":225,"column":78}}]},"28":{"loc":{"start":{"line":225,"column":41},"end":{"line":225,"column":76}},"type":"cond-expr","locations":[{"start":{"line":225,"column":52},"end":{"line":225,"column":60}},{"start":{"line":225,"column":63},"end":{"line":225,"column":76}}]},"29":{"loc":{"start":{"line":226,"column":16},"end":{"line":226,"column":57}},"type":"binary-expr","locations":[{"start":{"line":226,"column":16},"end":{"line":226,"column":23}},{"start":{"line":226,"column":27},"end":{"line":226,"column":57}}]},"30":{"loc":{"start":{"line":227,"column":16},"end":{"line":227,"column":85}},"type":"binary-expr","locations":[{"start":{"line":227,"column":16},"end":{"line":227,"column":26}},{"start":{"line":227,"column":30},"end":{"line":227,"column":85}}]},"31":{"loc":{"start":{"line":227,"column":45},"end":{"line":227,"column":83}},"type":"cond-expr","locations":[{"start":{"line":227,"column":58},"end":{"line":227,"column":76}},{"start":{"line":227,"column":79},"end":{"line":227,"column":83}}]},"32":{"loc":{"start":{"line":228,"column":16},"end":{"line":228,"column":93}},"type":"cond-expr","locations":[{"start":{"line":228,"column":38},"end":{"line":228,"column":62}},{"start":{"line":228,"column":65},"end":{"line":228,"column":93}}]},"33":{"loc":{"start":{"line":257,"column":8},"end":{"line":261,"column":9}},"type":"if","locations":[{"start":{"line":257,"column":8},"end":{"line":261,"column":9}},{"start":{},"end":{}}]},"34":{"loc":{"start":{"line":282,"column":8},"end":{"line":284,"column":9}},"type":"if","locations":[{"start":{"line":282,"column":8},"end":{"line":284,"column":9}},{"start":{},"end":{}}]},"35":{"loc":{"start":{"line":286,"column":8},"end":{"line":288,"column":9}},"type":"if","locations":[{"start":{"line":286,"column":8},"end":{"line":288,"column":9}},{"start":{},"end":{}}]},"36":{"loc":{"start":{"line":290,"column":8},"end":{"line":292,"column":9}},"type":"if","locations":[{"start":{"line":290,"column":8},"end":{"line":292,"column":9}},{"start":{},"end":{}}]},"37":{"loc":{"start":{"line":290,"column":12},"end":{"line":290,"column":50}},"type":"binary-expr","locations":[{"start":{"line":290,"column":12},"end":{"line":290,"column":19}},{"start":{"line":290,"column":23},"end":{"line":290,"column":50}}]},"38":{"loc":{"start":{"line":298,"column":8},"end":{"line":302,"column":9}},"type":"if","locations":[{"start":{"line":298,"column":8},"end":{"line":302,"column":9}},{"start":{},"end":{}}]},"39":{"loc":{"start":{"line":322,"column":8},"end":{"line":326,"column":9}},"type":"if","locations":[{"start":{"line":322,"column":8},"end":{"line":326,"column":9}},{"start":{},"end":{}}]},"40":{"loc":{"start":{"line":334,"column":8},"end":{"line":338,"column":9}},"type":"if","locations":[{"start":{"line":334,"column":8},"end":{"line":338,"column":9}},{"start":{},"end":{}}]},"41":{"loc":{"start":{"line":358,"column":8},"end":{"line":362,"column":9}},"type":"if","locations":[{"start":{"line":358,"column":8},"end":{"line":362,"column":9}},{"start":{},"end":{}}]}},"s":{"0":2,"1":2,"2":2,"3":2,"4":2,"5":2,"6":2,"7":0,"8":0,"9":2,"10":0,"11":0,"12":0,"13":2,"14":2,"15":0,"16":0,"17":0,"18":0,"19":0,"20":0,"21":0,"22":0,"23":0,"24":0,"25":0,"26":0,"27":0,"28":0,"29":0,"30":0,"31":0,"32":0,"33":0,"34":0,"35":0,"36":0,"37":0,"38":0,"39":0,"40":0,"41":0,"42":2,"43":0,"44":0,"45":0,"46":0,"47":0,"48":0,"49":0,"50":0,"51":0,"52":0,"53":0,"54":0,"55":0,"56":0,"57":0,"58":0,"59":0,"60":0,"61":0,"62":0,"63":0,"64":0,"65":0,"66":2,"67":0,"68":0,"69":0,"70":0,"71":0,"72":0,"73":0,"74":0,"75":0,"76":0,"77":0,"78":0,"79":0,"80":0,"81":0,"82":0,"83":2,"84":0,"85":0,"86":0,"87":0,"88":0,"89":0,"90":2,"91":0,"92":0,"93":0,"94":0,"95":0,"96":0,"97":0,"98":0,"99":0,"100":0,"101":0,"102":0,"103":0,"104":0,"105":2,"106":0,"107":0,"108":0,"109":0,"110":0,"111":0,"112":0,"113":0,"114":0,"115":2,"116":0,"117":0,"118":0,"119":0,"120":0,"121":0,"122":0,"123":2},"f":{"0":0,"1":0,"2":0,"3":0,"4":0,"5":0,"6":0,"7":0,"8":0,"9":0},"b":{"0":[0,0],"1":[0,0],"2":[0,0,0,0],"3":[0,0],"4":[0,0],"5":[0,0],"6":[0,0],"7":[0,0],"8":[0,0],"9":[0,0],"10":[0,0],"11":[0,0],"12":[0,0],"13":[0,0],"14":[0,0],"15":[0,0],"16":[0,0],"17":[0,0],"18":[0,0],"19":[0,0],"20":[0,0],"21":[0,0],"22":[0,0],"23":[0,0],"24":[0,0],"25":[0,0],"26":[0,0],"27":[0,0],"28":[0,0],"29":[0,0],"30":[0,0],"31":[0,0],"32":[0,0],"33":[0,0],"34":[0,0],"35":[0,0],"36":[0,0],"37":[0,0],"38":[0,0],"39":[0,0],"40":[0,0],"41":[0,0]}}
,"C:\\Users\\Khalid Alam\\OneDrive\\Desktop\\MyProject\\fullstack-task-manager\\backend\\src\\test\\utils\\db.ts": {"path":"C:\\Users\\Khalid Alam\\OneDrive\\Desktop\\MyProject\\fullstack-task-manager\\backend\\src\\test\\utils\\db.ts","statementMap":{"0":{"start":{"line":4,"column":0},"end":{"line":4,"column":7}},"1":{"start":{"line":12,"column":0},"end":{"line":12,"column":7}},"2":{"start":{"line":1,"column":0},"end":{"line":1,"column":46}},"3":{"start":{"line":2,"column":13},"end":{"line":2,"column":41}},"4":{"start":{"line":5,"column":18},"end":{"line":8,"column":4}},"5":{"start":{"line":9,"column":2},"end":{"line":9,"column":84}},"6":{"start":{"line":13,"column":2},"end":{"line":13,"column":29}}},"fnMap":{"0":{"name":"resetDb","decl":{"start":{"line":4,"column":22},"end":{"line":4,"column":29}},"loc":{"start":{"line":4,"column":29},"end":{"line":10,"column":1}}},"1":{"name":"closeDb","decl":{"start":{"line":12,"column":22},"end":{"line":12,"column":29}},"loc":{"start":{"line":12,"column":29},"end":{"line":14,"column":1}}}},"branchMap":{},"s":{"0":2,"1":2,"2":2,"3":2,"4":3,"5":3,"6":2},"f":{"0":3,"1":2},"b":{}}
,"C:\\Users\\Khalid Alam\\OneDrive\\Desktop\\MyProject\\fullstack-task-manager\\backend\\src\\utils\\cloudinary.ts": {"path":"C:\\Users\\Khalid Alam\\OneDrive\\Desktop\\MyProject\\fullstack-task-manager\\backend\\src\\utils\\cloudinary.ts","statementMap":{"0":{"start":{"line":1,"column":0},"end":{"line":1,"column":46}},"1":{"start":{"line":2,"column":0},"end":{"line":2,"column":20}},"2":{"start":{"line":4,"column":0},"end":{"line":8,"column":3}},"3":{"start":{"line":10,"column":27},"end":{"line":39,"column":1}},"4":{"start":{"line":11,"column":2},"end":{"line":38,"column":3}},"5":{"start":{"line":12,"column":4},"end":{"line":14,"column":5}},"6":{"start":{"line":13,"column":6},"end":{"line":13,"column":43}},"7":{"start":{"line":16,"column":4},"end":{"line":18,"column":5}},"8":{"start":{"line":17,"column":6},"end":{"line":17,"column":61}},"9":{"start":{"line":21,"column":26},"end":{"line":27,"column":null}},"10":{"start":{"line":23,"column":8},"end":{"line":26,"column":10}},"11":{"start":{"line":30,"column":4},"end":{"line":30,"column":54}},"12":{"start":{"line":30,"column":28},"end":{"line":30,"column":52}},"13":{"start":{"line":33,"column":4},"end":{"line":33,"column":60}},"14":{"start":{"line":33,"column":41},"end":{"line":33,"column":58}},"15":{"start":{"line":36,"column":4},"end":{"line":36,"column":53}},"16":{"start":{"line":37,"column":4},"end":{"line":37,"column":16}},"17":{"start":{"line":41,"column":9},"end":{"line":41,"column":27}}},"fnMap":{"0":{"name":"(anonymous_1)","decl":{"start":{"line":10,"column":27},"end":{"line":10,"column":32}},"loc":{"start":{"line":10,"column":66},"end":{"line":39,"column":1}}},"1":{"name":"(anonymous_2)","decl":{"start":{"line":22,"column":16},"end":{"line":22,"column":17}},"loc":{"start":{"line":23,"column":8},"end":{"line":26,"column":10}}},"2":{"name":"(anonymous_3)","decl":{"start":{"line":30,"column":18},"end":{"line":30,"column":19}},"loc":{"start":{"line":30,"column":28},"end":{"line":30,"column":52}}},"3":{"name":"(anonymous_4)","decl":{"start":{"line":33,"column":29},"end":{"line":33,"column":30}},"loc":{"start":{"line":33,"column":41},"end":{"line":33,"column":58}}}},"branchMap":{"0":{"loc":{"start":{"line":12,"column":4},"end":{"line":14,"column":5}},"type":"if","locations":[{"start":{"line":12,"column":4},"end":{"line":14,"column":5}},{"start":{},"end":{}}]},"1":{"loc":{"start":{"line":12,"column":8},"end":{"line":12,"column":36}},"type":"binary-expr","locations":[{"start":{"line":12,"column":8},"end":{"line":12,"column":14}},{"start":{"line":12,"column":18},"end":{"line":12,"column":36}}]},"2":{"loc":{"start":{"line":16,"column":4},"end":{"line":18,"column":5}},"type":"if","locations":[{"start":{"line":16,"column":4},"end":{"line":18,"column":5}},{"start":{},"end":{}}]}},"s":{"0":2,"1":2,"2":2,"3":2,"4":0,"5":0,"6":0,"7":0,"8":0,"9":0,"10":0,"11":0,"12":0,"13":0,"14":0,"15":0,"16":0,"17":2},"f":{"0":0,"1":0,"2":0,"3":0},"b":{"0":[0,0],"1":[0,0],"2":[0,0]}}
}
