TN:
SF:dist\index.js
FN:2,(anonymous_0)
FN:20,(anonymous_1)
FN:24,(anonymous_2)
FNF:3
FNH:1
FNDA:6,(anonymous_0)
FNDA:0,(anonymous_1)
FNDA:0,(anonymous_2)
DA:2,2
DA:3,6
DA:5,2
DA:6,2
DA:7,2
DA:8,2
DA:9,2
DA:10,2
DA:11,2
DA:12,2
DA:13,2
DA:14,2
DA:15,2
DA:16,2
DA:17,2
DA:18,2
DA:19,2
DA:20,2
DA:23,2
DA:24,0
LF:20
LH:19
BRDA:2,0,0,2
BRDA:2,0,1,2
BRDA:2,0,2,2
BRDA:3,1,0,0
BRDA:3,1,1,6
BRDA:3,2,0,6
BRDA:3,2,1,6
BRDA:23,3,0,0
BRDA:23,3,1,2
BRF:9
BRH:7
end_of_record
TN:
SF:dist\db\index.js
FNF:0
FNH:0
DA:2,2
DA:3,2
DA:4,2
DA:5,2
LF:4
LH:4
BRF:0
BRH:0
end_of_record
TN:
SF:dist\middleware\authenticate.js
FN:2,(anonymous_0)
FN:8,(anonymous_1)
FN:35,(anonymous_2)
FNF:3
FNH:1
FNDA:2,(anonymous_0)
FNDA:0,(anonymous_1)
FNDA:0,(anonymous_2)
DA:2,2
DA:3,2
DA:5,2
DA:6,2
DA:7,2
DA:8,2
DA:9,0
DA:10,0
DA:11,0
DA:16,0
DA:17,0
DA:18,0
DA:19,0
DA:24,0
DA:25,0
DA:28,0
DA:34,2
DA:35,2
DA:36,0
DA:37,0
DA:38,0
DA:44,0
DA:49,2
LF:23
LH:9
BRDA:2,0,0,2
BRDA:2,0,1,2
BRDA:2,0,2,2
BRDA:3,1,0,0
BRDA:3,1,1,2
BRDA:3,2,0,2
BRDA:3,2,1,2
BRDA:10,3,0,0
BRDA:10,3,1,0
BRDA:18,4,0,0
BRDA:18,4,1,0
BRDA:37,5,0,0
BRDA:37,5,1,0
BRF:13
BRH:6
end_of_record
TN:
SF:dist\router\admin.js
FN:2,(anonymous_0)
FN:12,(anonymous_1)
FNF:2
FNH:1
FNDA:2,(anonymous_0)
FNDA:0,(anonymous_1)
DA:2,2
DA:3,2
DA:5,2
DA:6,2
DA:7,2
DA:8,2
DA:9,2
DA:10,2
DA:12,2
DA:13,0
DA:14,0
DA:20,0
DA:26,0
DA:55,2
LF:14
LH:10
BRDA:2,0,0,2
BRDA:2,0,1,2
BRDA:2,0,2,2
BRDA:3,1,0,2
BRDA:3,1,1,0
BRDA:3,2,0,2
BRDA:3,2,1,2
BRF:7
BRH:6
end_of_record
TN:
SF:dist\router\auth.js
FN:2,(anonymous_0)
FN:12,(anonymous_1)
FN:58,(anonymous_2)
FNF:3
FNH:3
FNDA:6,(anonymous_0)
FNDA:3,(anonymous_1)
FNDA:2,(anonymous_2)
DA:2,2
DA:3,6
DA:5,2
DA:6,2
DA:7,2
DA:8,2
DA:9,2
DA:10,2
DA:11,2
DA:12,2
DA:13,3
DA:14,3
DA:15,3
DA:16,0
DA:21,3
DA:26,3
DA:27,0
DA:33,3
DA:35,3
DA:43,3
DA:53,0
DA:58,2
DA:59,2
DA:60,2
DA:61,2
DA:62,0
DA:68,2
DA:73,2
DA:74,0
DA:80,2
DA:81,2
DA:82,0
DA:88,2
DA:93,2
DA:96,2
DA:109,0
DA:114,2
LF:37
LH:30
BRDA:2,0,0,2
BRDA:2,0,1,2
BRDA:2,0,2,2
BRDA:3,1,0,2
BRDA:3,1,1,4
BRDA:3,2,0,6
BRDA:3,2,1,6
BRDA:15,3,0,0
BRDA:15,3,1,3
BRDA:15,4,0,3
BRDA:15,4,1,3
BRDA:15,4,2,3
BRDA:26,5,0,0
BRDA:26,5,1,3
BRDA:61,6,0,0
BRDA:61,6,1,2
BRDA:61,7,0,2
BRDA:61,7,1,2
BRDA:73,8,0,0
BRDA:73,8,1,2
BRDA:81,9,0,0
BRDA:81,9,1,2
BRF:22
BRH:17
end_of_record
TN:
SF:dist\router\task.js
FN:2,(anonymous_0)
FN:15,(anonymous_1)
FN:16,(anonymous_2)
FN:18,(anonymous_3)
FN:28,(anonymous_4)
FN:110,(anonymous_5)
FN:161,(anonymous_6)
FN:213,(anonymous_7)
FN:234,(anonymous_8)
FN:268,(anonymous_9)
FN:299,(anonymous_10)
FNF:11
FNH:1
FNDA:4,(anonymous_0)
FNDA:0,(anonymous_1)
FNDA:0,(anonymous_2)
FNDA:0,(anonymous_3)
FNDA:0,(anonymous_4)
FNDA:0,(anonymous_5)
FNDA:0,(anonymous_6)
FNDA:0,(anonymous_7)
FNDA:0,(anonymous_8)
FNDA:0,(anonymous_9)
FNDA:0,(anonymous_10)
DA:2,2
DA:3,4
DA:5,2
DA:6,2
DA:7,2
DA:8,2
DA:9,2
DA:10,2
DA:11,2
DA:12,2
DA:14,2
DA:15,0
DA:16,0
DA:18,2
DA:19,0
DA:20,0
DA:23,0
DA:26,2
DA:28,2
DA:29,0
DA:30,0
DA:31,0
DA:32,0
DA:38,0
DA:39,0
DA:40,0
DA:45,0
DA:53,0
DA:54,0
DA:58,0
DA:59,0
DA:60,0
DA:62,0
DA:63,0
DA:64,0
DA:65,0
DA:67,0
DA:68,0
DA:69,0
DA:74,0
DA:75,0
DA:81,0
DA:93,0
DA:94,0
DA:98,0
DA:104,0
DA:110,2
DA:111,0
DA:112,0
DA:113,0
DA:114,0
DA:115,0
DA:118,0
DA:121,0
DA:122,0
DA:124,0
DA:125,0
DA:127,0
DA:128,0
DA:130,0
DA:132,0
DA:136,0
DA:137,0
DA:138,0
DA:143,0
DA:144,0
DA:147,0
DA:151,0
DA:156,0
DA:157,0
DA:161,2
DA:162,0
DA:163,0
DA:164,0
DA:165,0
DA:166,0
DA:170,0
DA:171,0
DA:172,0
DA:174,0
DA:175,0
DA:180,0
DA:181,0
DA:185,0
DA:195,0
DA:201,0
DA:207,0
DA:213,2
DA:214,0
DA:215,0
DA:216,0
DA:217,0
DA:222,0
DA:228,0
DA:234,2
DA:235,0
DA:236,0
DA:237,0
DA:238,0
DA:239,0
DA:241,0
DA:242,0
DA:244,0
DA:245,0
DA:247,0
DA:250,0
DA:251,0
DA:256,0
DA:262,0
DA:268,2
DA:269,0
DA:270,0
DA:271,0
DA:272,0
DA:276,0
DA:281,0
DA:282,0
DA:287,0
DA:293,0
DA:299,2
DA:300,0
DA:301,0
DA:302,0
DA:303,0
DA:307,0
DA:312,0
DA:317,0
DA:322,2
LF:128
LH:21
BRDA:2,0,0,2
BRDA:2,0,1,2
BRDA:2,0,2,2
BRDA:3,1,0,2
BRDA:3,1,1,2
BRDA:3,2,0,4
BRDA:3,2,1,4
BRDA:19,3,0,0
BRDA:19,3,1,0
BRDA:31,4,0,0
BRDA:31,4,1,0
BRDA:31,5,0,0
BRDA:31,5,1,0
BRDA:31,5,2,0
BRDA:31,5,3,0
BRDA:39,6,0,0
BRDA:39,6,1,0
BRDA:53,7,0,0
BRDA:53,7,1,0
BRDA:59,8,0,0
BRDA:59,8,1,0
BRDA:64,9,0,0
BRDA:64,9,1,0
BRDA:68,10,0,0
BRDA:68,10,1,0
BRDA:74,11,0,0
BRDA:74,11,1,0
BRDA:89,12,0,0
BRDA:89,12,1,0
BRDA:90,13,0,0
BRDA:90,13,1,0
BRDA:93,14,0,0
BRDA:93,14,1,0
BRDA:114,15,0,0
BRDA:114,15,1,0
BRDA:121,16,0,0
BRDA:121,16,1,0
BRDA:124,17,0,0
BRDA:124,17,1,0
BRDA:124,18,0,0
BRDA:124,18,1,0
BRDA:127,19,0,0
BRDA:127,19,1,0
BRDA:127,20,0,0
BRDA:127,20,1,0
BRDA:137,21,0,0
BRDA:137,21,1,0
BRDA:143,22,0,0
BRDA:143,22,1,0
BRDA:165,23,0,0
BRDA:165,23,1,0
BRDA:171,24,0,0
BRDA:171,24,1,0
BRDA:180,25,0,0
BRDA:180,25,1,0
BRDA:186,26,0,0
BRDA:186,26,1,0
BRDA:187,27,0,0
BRDA:187,27,1,0
BRDA:188,28,0,0
BRDA:188,28,1,0
BRDA:188,29,0,0
BRDA:188,29,1,0
BRDA:189,30,0,0
BRDA:189,30,1,0
BRDA:189,31,0,0
BRDA:189,31,1,0
BRDA:190,32,0,0
BRDA:190,32,1,0
BRDA:191,33,0,0
BRDA:191,33,1,0
BRDA:191,34,0,0
BRDA:191,34,1,0
BRDA:192,35,0,0
BRDA:192,35,1,0
BRDA:216,36,0,0
BRDA:216,36,1,0
BRDA:238,37,0,0
BRDA:238,37,1,0
BRDA:241,38,0,0
BRDA:241,38,1,0
BRDA:244,39,0,0
BRDA:244,39,1,0
BRDA:244,40,0,0
BRDA:244,40,1,0
BRDA:250,41,0,0
BRDA:250,41,1,0
BRDA:271,42,0,0
BRDA:271,42,1,0
BRDA:281,43,0,0
BRDA:281,43,1,0
BRDA:302,44,0,0
BRDA:302,44,1,0
BRF:93
BRH:7
end_of_record
TN:
SF:dist\test\utils\db.js
FN:8,resetDb
FN:15,closeDb
FNF:2
FNH:2
FNDA:3,resetDb
FNDA:2,closeDb
DA:2,2
DA:3,2
DA:4,2
DA:5,2
DA:6,2
DA:7,2
DA:9,3
DA:13,3
DA:16,2
LF:9
LH:9
BRF:0
BRH:0
end_of_record
TN:
SF:dist\utils\cloudinary.js
FN:2,(anonymous_0)
FN:14,(anonymous_1)
FN:23,(anonymous_2)
FN:27,(anonymous_3)
FN:28,(anonymous_4)
FNF:5
FNH:1
FNDA:2,(anonymous_0)
FNDA:0,(anonymous_1)
FNDA:0,(anonymous_2)
FNDA:0,(anonymous_3)
FNDA:0,(anonymous_4)
DA:2,2
DA:3,2
DA:5,2
DA:6,2
DA:7,2
DA:8,2
DA:9,2
DA:14,2
DA:15,0
DA:16,0
DA:17,0
DA:19,0
DA:20,0
DA:23,0
DA:27,0
DA:28,0
DA:31,0
DA:32,0
DA:35,2
LF:19
LH:9
BRDA:2,0,0,2
BRDA:2,0,1,2
BRDA:2,0,2,2
BRDA:3,1,0,0
BRDA:3,1,1,2
BRDA:3,2,0,2
BRDA:3,2,1,2
BRDA:16,3,0,0
BRDA:16,3,1,0
BRDA:16,4,0,0
BRDA:16,4,1,0
BRDA:19,5,0,0
BRDA:19,5,1,0
BRF:13
BRH:6
end_of_record
TN:
SF:src\index.ts
FN:19,(anonymous_1)
FN:24,(anonymous_2)
FNF:2
FNH:0
FNDA:0,(anonymous_1)
FNDA:0,(anonymous_2)
DA:1,2
DA:2,2
DA:3,2
DA:4,2
DA:5,2
DA:6,2
DA:9,2
DA:10,2
DA:11,2
DA:12,2
DA:15,2
DA:16,2
DA:17,2
DA:19,2
DA:23,2
DA:24,0
LF:16
LH:15
BRDA:23,0,0,0
BRDA:23,0,1,2
BRF:2
BRH:1
end_of_record
TN:
SF:src\db\index.ts
FNF:0
FNH:0
DA:2,2
DA:4,2
DA:6,2
LF:3
LH:3
BRF:0
BRH:0
end_of_record
TN:
SF:src\middleware\authenticate.ts
FN:5,(anonymous_1)
FN:37,(anonymous_2)
FNF:2
FNH:0
FNDA:0,(anonymous_1)
FNDA:0,(anonymous_2)
DA:3,2
DA:5,2
DA:6,0
DA:8,0
DA:9,0
DA:15,0
DA:16,0
DA:18,0
DA:19,0
DA:25,0
DA:26,0
DA:29,0
DA:37,2
DA:38,0
DA:39,0
DA:40,0
DA:46,0
LF:17
LH:3
BRDA:8,0,0,0
BRDA:8,0,1,0
BRDA:18,1,0,0
BRDA:18,1,1,0
BRDA:39,2,0,0
BRDA:39,2,1,0
BRF:6
BRH:0
end_of_record
TN:
SF:src\router\admin.ts
FN:8,(anonymous_1)
FNF:1
FNH:0
FNDA:0,(anonymous_1)
DA:1,2
DA:2,2
DA:3,2
DA:5,2
DA:8,2
DA:9,0
DA:11,0
DA:18,0
DA:24,0
DA:58,2
LF:10
LH:6
BRF:0
BRH:0
end_of_record
TN:
SF:src\router\auth.ts
FN:10,(anonymous_1)
FN:63,(anonymous_2)
FNF:2
FNH:2
FNDA:3,(anonymous_1)
FNDA:2,(anonymous_2)
DA:2,2
DA:3,2
DA:4,2
DA:5,2
DA:8,2
DA:10,2
DA:11,3
DA:13,3
DA:15,3
DA:16,0
DA:22,3
DA:28,3
DA:29,0
DA:35,3
DA:38,3
DA:47,3
DA:57,0
DA:63,2
DA:64,2
DA:66,2
DA:68,2
DA:69,0
DA:75,2
DA:81,2
DA:82,0
DA:88,2
DA:90,2
DA:91,0
DA:97,2
DA:103,2
DA:107,2
DA:120,0
DA:126,2
LF:33
LH:26
BRDA:15,0,0,0
BRDA:15,0,1,3
BRDA:15,1,0,3
BRDA:15,1,1,3
BRDA:15,1,2,3
BRDA:28,2,0,0
BRDA:28,2,1,3
BRDA:68,3,0,0
BRDA:68,3,1,2
BRDA:68,4,0,2
BRDA:68,4,1,2
BRDA:81,5,0,0
BRDA:81,5,1,2
BRDA:90,6,0,0
BRDA:90,6,1,2
BRF:15
BRH:10
end_of_record
TN:
SF:src\router\task.ts
FN:12,(anonymous_1)
FN:13,(anonymous_2)
FN:16,(anonymous_3)
FN:27,(anonymous_4)
FN:123,(anonymous_5)
FN:187,(anonymous_6)
FN:253,(anonymous_7)
FN:276,(anonymous_8)
FN:318,(anonymous_9)
FN:354,(anonymous_10)
FNF:10
FNH:0
FNDA:0,(anonymous_1)
FNDA:0,(anonymous_2)
FNDA:0,(anonymous_3)
FNDA:0,(anonymous_4)
FNDA:0,(anonymous_5)
FNDA:0,(anonymous_6)
FNDA:0,(anonymous_7)
FNDA:0,(anonymous_8)
FNDA:0,(anonymous_9)
FNDA:0,(anonymous_10)
DA:1,2
DA:2,2
DA:3,2
DA:4,2
DA:5,2
DA:6,2
DA:11,2
DA:12,0
DA:13,0
DA:16,2
DA:17,0
DA:18,0
DA:20,0
DA:24,2
DA:27,2
DA:28,0
DA:29,0
DA:31,0
DA:32,0
DA:38,0
DA:40,0
DA:41,0
DA:47,0
DA:56,0
DA:57,0
DA:62,0
DA:63,0
DA:64,0
DA:67,0
DA:69,0
DA:70,0
DA:73,0
DA:74,0
DA:75,0
DA:81,0
DA:82,0
DA:89,0
DA:102,0
DA:103,0
DA:109,0
DA:116,0
DA:123,2
DA:124,0
DA:125,0
DA:126,0
DA:128,0
DA:129,0
DA:133,0
DA:137,0
DA:138,0
DA:141,0
DA:142,0
DA:145,0
DA:146,0
DA:149,0
DA:152,0
DA:157,0
DA:159,0
DA:160,0
DA:166,0
DA:167,0
DA:171,0
DA:176,0
DA:181,0
DA:182,0
DA:187,2
DA:188,0
DA:189,0
DA:192,0
DA:194,0
DA:195,0
DA:200,0
DA:201,0
DA:202,0
DA:205,0
DA:207,0
DA:213,0
DA:214,0
DA:221,0
DA:232,0
DA:239,0
DA:246,0
DA:253,2
DA:254,0
DA:255,0
DA:257,0
DA:258,0
DA:263,0
DA:269,0
DA:276,2
DA:277,0
DA:278,0
DA:280,0
DA:282,0
DA:283,0
DA:286,0
DA:287,0
DA:290,0
DA:291,0
DA:294,0
DA:298,0
DA:299,0
DA:305,0
DA:311,0
DA:318,2
DA:319,0
DA:320,0
DA:322,0
DA:323,0
DA:328,0
DA:334,0
DA:335,0
DA:340,0
DA:346,0
DA:354,2
DA:355,0
DA:356,0
DA:358,0
DA:359,0
DA:364,0
DA:370,0
DA:375,0
DA:382,2
LF:123
LH:17
BRDA:17,0,0,0
BRDA:17,0,1,0
BRDA:31,1,0,0
BRDA:31,1,1,0
BRDA:31,2,0,0
BRDA:31,2,1,0
BRDA:31,2,2,0
BRDA:31,2,3,0
BRDA:40,3,0,0
BRDA:40,3,1,0
BRDA:56,4,0,0
BRDA:56,4,1,0
BRDA:63,5,0,0
BRDA:63,5,1,0
BRDA:70,6,0,0
BRDA:70,6,1,0
BRDA:74,7,0,0
BRDA:74,7,1,0
BRDA:81,8,0,0
BRDA:81,8,1,0
BRDA:97,9,0,0
BRDA:97,9,1,0
BRDA:98,10,0,0
BRDA:98,10,1,0
BRDA:102,11,0,0
BRDA:102,11,1,0
BRDA:128,12,0,0
BRDA:128,12,1,0
BRDA:137,13,0,0
BRDA:137,13,1,0
BRDA:141,14,0,0
BRDA:141,14,1,0
BRDA:141,15,0,0
BRDA:141,15,1,0
BRDA:145,16,0,0
BRDA:145,16,1,0
BRDA:145,17,0,0
BRDA:145,17,1,0
BRDA:159,18,0,0
BRDA:159,18,1,0
BRDA:166,19,0,0
BRDA:166,19,1,0
BRDA:194,20,0,0
BRDA:194,20,1,0
BRDA:201,21,0,0
BRDA:201,21,1,0
BRDA:213,22,0,0
BRDA:213,22,1,0
BRDA:222,23,0,0
BRDA:222,23,1,0
BRDA:223,24,0,0
BRDA:223,24,1,0
BRDA:224,25,0,0
BRDA:224,25,1,0
BRDA:224,26,0,0
BRDA:224,26,1,0
BRDA:225,27,0,0
BRDA:225,27,1,0
BRDA:225,28,0,0
BRDA:225,28,1,0
BRDA:226,29,0,0
BRDA:226,29,1,0
BRDA:227,30,0,0
BRDA:227,30,1,0
BRDA:227,31,0,0
BRDA:227,31,1,0
BRDA:228,32,0,0
BRDA:228,32,1,0
BRDA:257,33,0,0
BRDA:257,33,1,0
BRDA:282,34,0,0
BRDA:282,34,1,0
BRDA:286,35,0,0
BRDA:286,35,1,0
BRDA:290,36,0,0
BRDA:290,36,1,0
BRDA:290,37,0,0
BRDA:290,37,1,0
BRDA:298,38,0,0
BRDA:298,38,1,0
BRDA:322,39,0,0
BRDA:322,39,1,0
BRDA:334,40,0,0
BRDA:334,40,1,0
BRDA:358,41,0,0
BRDA:358,41,1,0
BRF:86
BRH:0
end_of_record
TN:
SF:src\test\utils\db.ts
FN:4,resetDb
FN:12,closeDb
FNF:2
FNH:2
FNDA:3,resetDb
FNDA:2,closeDb
DA:1,2
DA:2,2
DA:4,2
DA:5,3
DA:9,3
DA:12,2
DA:13,2
LF:7
LH:7
BRF:0
BRH:0
end_of_record
TN:
SF:src\utils\cloudinary.ts
FN:10,(anonymous_1)
FN:22,(anonymous_2)
FN:30,(anonymous_3)
FN:33,(anonymous_4)
FNF:4
FNH:0
FNDA:0,(anonymous_1)
FNDA:0,(anonymous_2)
FNDA:0,(anonymous_3)
FNDA:0,(anonymous_4)
DA:1,2
DA:2,2
DA:4,2
DA:10,2
DA:11,0
DA:12,0
DA:13,0
DA:16,0
DA:17,0
DA:21,0
DA:23,0
DA:30,0
DA:33,0
DA:36,0
DA:37,0
DA:41,2
LF:16
LH:5
BRDA:12,0,0,0
BRDA:12,0,1,0
BRDA:12,1,0,0
BRDA:12,1,1,0
BRDA:16,2,0,0
BRDA:16,2,1,0
BRF:6
BRH:0
end_of_record
